<?xml version="1.0" encoding="utf-8"?>
<!DOCTYPE coverage SYSTEM "http://cobertura.sourceforge.net/xml/coverage-04.dtd">
<coverage line-rate="0.9102040816326531" branch-rate="0.7142857142857143" lines-covered="223" lines-valid="245" branches-covered="10" branches-valid="14" complexity="54" version="0" timestamp="1626656687">
  <sources>
    <source>C:\Users\Dell\</source>
  </sources>
  <packages>
    <package name="TreatmentOffering" line-rate="0.8278688524590164" branch-rate="0.7142857142857143" complexity="37">
      <classes>
        <class name="TreatmentOffering.Controllers.OfferingController" filename="C:\Users\Dell\Downloads\InternationalPatient\TreatmentOffering\TreatmentOffering\Controllers\OfferingController.cs" line-rate="0.9285714285714286" branch-rate="0.8333333333333334" complexity="8">
          <methods>
            <method name="IpTreatmentPackages" signature="()" line-rate="1" branch-rate="1" complexity="2">
              <lines>
                <line number="26" hits="3" branch="false" />
                <line number="27" hits="3" branch="false" />
                <line number="29" hits="3" branch="false" />
                <line number="31" hits="3" branch="true" condition-coverage="100% (2/2)" />
                <line number="32" hits="2" branch="false" />
                <line number="33" hits="2" branch="false" />
                <line number="36" hits="1" branch="false" />
                <line number="37" hits="3" branch="false" />
              </lines>
            </method>
            <method name="IpTreatmentPackagesByName" signature="(...)" line-rate="0.7142857142857143" branch-rate="0.5" complexity="2">
              <lines>
                <line number="42" hits="3" branch="false" />
                <line number="43" hits="3" branch="false" />
                <line number="44" hits="3" branch="true" condition-coverage="50% (1/2)" />
                <line number="45" hits="0" branch="false" />
                <line number="46" hits="0" branch="false" />
                <line number="48" hits="3" branch="false" />
                <line number="49" hits="3" branch="false" />
              </lines>
            </method>
            <method name="Specialists" signature="()" line-rate="1" branch-rate="1" complexity="2">
              <lines>
                <line number="54" hits="3" branch="false" />
                <line number="55" hits="3" branch="false" />
                <line number="57" hits="3" branch="false" />
                <line number="59" hits="3" branch="true" condition-coverage="100% (2/2)" />
                <line number="60" hits="2" branch="false" />
                <line number="61" hits="2" branch="false" />
                <line number="64" hits="1" branch="false" />
                <line number="65" hits="3" branch="false" />
              </lines>
            </method>
            <method name=".ctor" signature="(...)" line-rate="1" branch-rate="1" complexity="1">
              <lines>
                <line number="18" hits="7" branch="false" />
                <line number="19" hits="7" branch="false" />
                <line number="20" hits="7" branch="false" />
                <line number="21" hits="7" branch="false" />
              </lines>
            </method>
            <method name=".cctor" signature="()" line-rate="1" branch-rate="1" complexity="1">
              <lines>
                <line number="16" hits="1" branch="false" />
              </lines>
            </method>
          </methods>
          <lines>
            <line number="16" hits="1" branch="false" />
            <line number="18" hits="7" branch="false" />
            <line number="19" hits="7" branch="false" />
            <line number="20" hits="7" branch="false" />
            <line number="21" hits="7" branch="false" />
            <line number="26" hits="3" branch="false" />
            <line number="27" hits="3" branch="false" />
            <line number="29" hits="3" branch="false" />
            <line number="31" hits="3" branch="true" condition-coverage="100% (2/2)" />
            <line number="32" hits="2" branch="false" />
            <line number="33" hits="2" branch="false" />
            <line number="36" hits="1" branch="false" />
            <line number="37" hits="3" branch="false" />
            <line number="42" hits="3" branch="false" />
            <line number="43" hits="3" branch="false" />
            <line number="44" hits="3" branch="true" condition-coverage="50% (1/2)" />
            <line number="45" hits="0" branch="false" />
            <line number="46" hits="0" branch="false" />
            <line number="48" hits="3" branch="false" />
            <line number="49" hits="3" branch="false" />
            <line number="54" hits="3" branch="false" />
            <line number="55" hits="3" branch="false" />
            <line number="57" hits="3" branch="false" />
            <line number="59" hits="3" branch="true" condition-coverage="100% (2/2)" />
            <line number="60" hits="2" branch="false" />
            <line number="61" hits="2" branch="false" />
            <line number="64" hits="1" branch="false" />
            <line number="65" hits="3" branch="false" />
          </lines>
        </class>
        <class name="TreatmentOffering.Data.TreatmentOfferingDbContext" filename="C:\Users\Dell\Downloads\InternationalPatient\TreatmentOffering\TreatmentOffering\Data\TreatmentOfferingDbContext.cs" line-rate="1" branch-rate="1" complexity="5">
          <methods>
            <method name="get_AilmentCategories" signature="()" line-rate="1" branch-rate="1" complexity="1">
              <lines>
                <line number="18" hits="15" branch="false" />
              </lines>
            </method>
            <method name="get_PackageDetails" signature="()" line-rate="1" branch-rate="1" complexity="1">
              <lines>
                <line number="19" hits="35" branch="false" />
              </lines>
            </method>
            <method name="get_SpecialistDetails" signature="()" line-rate="1" branch-rate="1" complexity="1">
              <lines>
                <line number="20" hits="17" branch="false" />
              </lines>
            </method>
            <method name="OnModelCreating" signature="(...)" line-rate="1" branch-rate="1" complexity="1">
              <lines>
                <line number="22" hits="1" branch="false" />
                <line number="23" hits="1" branch="false" />
                <line number="25" hits="1" branch="false" />
              </lines>
            </method>
            <method name=".ctor" signature="(...)" line-rate="1" branch-rate="1" complexity="1">
              <lines>
                <line number="13" hits="14" branch="false" />
                <line number="14" hits="14" branch="false" />
                <line number="15" hits="14" branch="false" />
              </lines>
            </method>
          </methods>
          <lines>
            <line number="13" hits="14" branch="false" />
            <line number="14" hits="14" branch="false" />
            <line number="15" hits="14" branch="false" />
            <line number="18" hits="15" branch="false" />
            <line number="19" hits="35" branch="false" />
            <line number="20" hits="17" branch="false" />
            <line number="22" hits="1" branch="false" />
            <line number="23" hits="1" branch="false" />
            <line number="25" hits="1" branch="false" />
          </lines>
        </class>
        <class name="TreatmentOffering.Models.AilmentCategory" filename="C:\Users\Dell\Downloads\InternationalPatient\TreatmentOffering\TreatmentOffering\Models\AilmentCategory.cs" line-rate="1" branch-rate="1" complexity="2">
          <methods>
            <method name="get_AilmentId" signature="()" line-rate="1" branch-rate="1" complexity="1">
              <lines>
                <line number="12" hits="2" branch="false" />
              </lines>
            </method>
            <method name="get_Ailment" signature="()" line-rate="1" branch-rate="1" complexity="1">
              <lines>
                <line number="13" hits="2" branch="false" />
              </lines>
            </method>
          </methods>
          <lines>
            <line number="12" hits="2" branch="false" />
            <line number="13" hits="2" branch="false" />
          </lines>
        </class>
        <class name="TreatmentOffering.Models.PackageDetail" filename="C:\Users\Dell\Downloads\InternationalPatient\TreatmentOffering\TreatmentOffering\Models\PackageDetail.cs" line-rate="0.8571428571428571" branch-rate="1" complexity="7">
          <methods>
            <method name="get_PackageId" signature="()" line-rate="1" branch-rate="1" complexity="1">
              <lines>
                <line number="8" hits="44" branch="false" />
              </lines>
            </method>
            <method name="get_Ailment" signature="()" line-rate="1" branch-rate="1" complexity="1">
              <lines>
                <line number="10" hits="44" branch="false" />
              </lines>
            </method>
            <method name="get_TreatmentPackageName" signature="()" line-rate="1" branch-rate="1" complexity="1">
              <lines>
                <line number="11" hits="44" branch="false" />
              </lines>
            </method>
            <method name="get_TestDetails" signature="()" line-rate="1" branch-rate="1" complexity="1">
              <lines>
                <line number="12" hits="44" branch="false" />
              </lines>
            </method>
            <method name="get_Cost" signature="()" line-rate="1" branch-rate="1" complexity="1">
              <lines>
                <line number="13" hits="44" branch="false" />
              </lines>
            </method>
            <method name="get_TreatmentDuration" signature="()" line-rate="1" branch-rate="1" complexity="1">
              <lines>
                <line number="14" hits="44" branch="false" />
              </lines>
            </method>
            <method name="get_AilmentCategory" signature="()" line-rate="0" branch-rate="1" complexity="1">
              <lines>
                <line number="15" hits="0" branch="false" />
              </lines>
            </method>
          </methods>
          <lines>
            <line number="8" hits="44" branch="false" />
            <line number="10" hits="44" branch="false" />
            <line number="11" hits="44" branch="false" />
            <line number="12" hits="44" branch="false" />
            <line number="13" hits="44" branch="false" />
            <line number="14" hits="44" branch="false" />
            <line number="15" hits="0" branch="false" />
          </lines>
        </class>
        <class name="TreatmentOffering.Models.SpecialistDetail" filename="C:\Users\Dell\Downloads\InternationalPatient\TreatmentOffering\TreatmentOffering\Models\SpecialistDetail.cs" line-rate="0.8333333333333334" branch-rate="1" complexity="6">
          <methods>
            <method name="get_Id" signature="()" line-rate="1" branch-rate="1" complexity="1">
              <lines>
                <line number="13" hits="36" branch="false" />
              </lines>
            </method>
            <method name="get_Name" signature="()" line-rate="1" branch-rate="1" complexity="1">
              <lines>
                <line number="14" hits="36" branch="false" />
              </lines>
            </method>
            <method name="get_ExperienceInYears" signature="()" line-rate="1" branch-rate="1" complexity="1">
              <lines>
                <line number="16" hits="36" branch="false" />
              </lines>
            </method>
            <method name="get_ContactNumber" signature="()" line-rate="1" branch-rate="1" complexity="1">
              <lines>
                <line number="17" hits="36" branch="false" />
              </lines>
            </method>
            <method name="get_AreaOfExpertise" signature="()" line-rate="1" branch-rate="1" complexity="1">
              <lines>
                <line number="20" hits="36" branch="false" />
              </lines>
            </method>
            <method name="get_AilmentCategory" signature="()" line-rate="0" branch-rate="1" complexity="1">
              <lines>
                <line number="21" hits="0" branch="false" />
              </lines>
            </method>
          </methods>
          <lines>
            <line number="13" hits="36" branch="false" />
            <line number="14" hits="36" branch="false" />
            <line number="16" hits="36" branch="false" />
            <line number="17" hits="36" branch="false" />
            <line number="20" hits="36" branch="false" />
            <line number="21" hits="0" branch="false" />
          </lines>
        </class>
        <class name="TreatmentOffering.Repository.OfferingRepo" filename="C:\Users\Dell\Downloads\InternationalPatient\TreatmentOffering\TreatmentOffering\Repository\OfferingRepo.cs" line-rate="0.7571428571428571" branch-rate="0.625" complexity="9">
          <methods>
            <method name="GetTreatmentPackages" signature="()" line-rate="0.6428571428571429" branch-rate="0.5" complexity="2">
              <lines>
                <line number="44" hits="2" branch="false" />
                <line number="45" hits="2" branch="false" />
                <line number="47" hits="2" branch="false" />
                <line number="48" hits="2" branch="false" />
                <line number="49" hits="2" branch="true" condition-coverage="50% (1/2)" />
                <line number="50" hits="0" branch="false" />
                <line number="51" hits="2" branch="false" />
                <line number="52" hits="0" branch="false" />
                <line number="53" hits="0" branch="false" />
                <line number="54" hits="0" branch="false" />
                <line number="56" hits="0" branch="false" />
                <line number="58" hits="2" branch="false" />
                <line number="59" hits="2" branch="false" />
                <line number="60" hits="2" branch="false" />
              </lines>
            </method>
            <method name="GetPackagesByName" signature="(...)" line-rate="0.625" branch-rate="0.5" complexity="2">
              <lines>
                <line number="62" hits="4" branch="false" />
                <line number="63" hits="4" branch="false" />
                <line number="65" hits="4" branch="false" />
                <line number="66" hits="4" branch="false" />
                <line number="67" hits="4" branch="false" />
                <line number="68" hits="4" branch="true" condition-coverage="50% (1/2)" />
                <line number="69" hits="0" branch="false" />
                <line number="70" hits="0" branch="false" />
                <line number="72" hits="4" branch="false" />
                <line number="73" hits="0" branch="false" />
                <line number="74" hits="0" branch="false" />
                <line number="75" hits="0" branch="false" />
                <line number="77" hits="0" branch="false" />
                <line number="78" hits="4" branch="false" />
                <line number="79" hits="4" branch="false" />
                <line number="80" hits="4" branch="false" />
              </lines>
            </method>
            <method name="GetSpecialistDetails" signature="()" line-rate="0.6" branch-rate="0.5" complexity="2">
              <lines>
                <line number="83" hits="2" branch="false" />
                <line number="84" hits="2" branch="false" />
                <line number="86" hits="2" branch="false" />
                <line number="87" hits="2" branch="false" />
                <line number="89" hits="2" branch="true" condition-coverage="50% (1/2)" />
                <line number="90" hits="0" branch="false" />
                <line number="91" hits="0" branch="false" />
                <line number="93" hits="2" branch="false" />
                <line number="94" hits="0" branch="false" />
                <line number="95" hits="0" branch="false" />
                <line number="96" hits="0" branch="false" />
                <line number="98" hits="0" branch="false" />
                <line number="100" hits="2" branch="false" />
                <line number="101" hits="2" branch="false" />
                <line number="102" hits="2" branch="false" />
              </lines>
            </method>
            <method name=".ctor" signature="(...)" line-rate="1" branch-rate="1" complexity="2">
              <lines>
                <line number="14" hits="14" branch="false" />
                <line number="15" hits="14" branch="false" />
                <line number="16" hits="14" branch="false" />
                <line number="17" hits="14" branch="true" condition-coverage="100% (2/2)" />
                <line number="18" hits="13" branch="false" />
                <line number="19" hits="13" branch="false" />
                <line number="22" hits="1" branch="false" />
                <line number="23" hits="1" branch="false" />
                <line number="24" hits="1" branch="false" />
                <line number="25" hits="1" branch="false" />
                <line number="26" hits="1" branch="false" />
                <line number="27" hits="1" branch="false" />
                <line number="28" hits="1" branch="false" />
                <line number="29" hits="1" branch="false" />
                <line number="30" hits="1" branch="false" />
                <line number="31" hits="1" branch="false" />
                <line number="32" hits="1" branch="false" />
                <line number="33" hits="1" branch="false" />
                <line number="34" hits="1" branch="false" />
                <line number="35" hits="1" branch="false" />
                <line number="36" hits="1" branch="false" />
                <line number="37" hits="1" branch="false" />
                <line number="38" hits="1" branch="false" />
                <line number="40" hits="14" branch="false" />
              </lines>
            </method>
            <method name=".cctor" signature="()" line-rate="1" branch-rate="1" complexity="1">
              <lines>
                <line number="12" hits="1" branch="false" />
              </lines>
            </method>
          </methods>
          <lines>
            <line number="12" hits="1" branch="false" />
            <line number="14" hits="14" branch="false" />
            <line number="15" hits="14" branch="false" />
            <line number="16" hits="14" branch="false" />
            <line number="17" hits="14" branch="true" condition-coverage="100% (2/2)" />
            <line number="18" hits="13" branch="false" />
            <line number="19" hits="13" branch="false" />
            <line number="22" hits="1" branch="false" />
            <line number="23" hits="1" branch="false" />
            <line number="24" hits="1" branch="false" />
            <line number="25" hits="1" branch="false" />
            <line number="26" hits="1" branch="false" />
            <line number="27" hits="1" branch="false" />
            <line number="28" hits="1" branch="false" />
            <line number="29" hits="1" branch="false" />
            <line number="30" hits="1" branch="false" />
            <line number="31" hits="1" branch="false" />
            <line number="32" hits="1" branch="false" />
            <line number="33" hits="1" branch="false" />
            <line number="34" hits="1" branch="false" />
            <line number="35" hits="1" branch="false" />
            <line number="36" hits="1" branch="false" />
            <line number="37" hits="1" branch="false" />
            <line number="38" hits="1" branch="false" />
            <line number="40" hits="14" branch="false" />
            <line number="44" hits="2" branch="false" />
            <line number="45" hits="2" branch="false" />
            <line number="47" hits="2" branch="false" />
            <line number="48" hits="2" branch="false" />
            <line number="49" hits="2" branch="true" condition-coverage="50% (1/2)" />
            <line number="50" hits="0" branch="false" />
            <line number="51" hits="2" branch="false" />
            <line number="52" hits="0" branch="false" />
            <line number="53" hits="0" branch="false" />
            <line number="54" hits="0" branch="false" />
            <line number="56" hits="0" branch="false" />
            <line number="58" hits="2" branch="false" />
            <line number="59" hits="2" branch="false" />
            <line number="60" hits="2" branch="false" />
            <line number="62" hits="4" branch="false" />
            <line number="63" hits="4" branch="false" />
            <line number="65" hits="4" branch="false" />
            <line number="66" hits="4" branch="false" />
            <line number="67" hits="4" branch="false" />
            <line number="68" hits="4" branch="true" condition-coverage="50% (1/2)" />
            <line number="69" hits="0" branch="false" />
            <line number="70" hits="0" branch="false" />
            <line number="72" hits="4" branch="false" />
            <line number="73" hits="0" branch="false" />
            <line number="74" hits="0" branch="false" />
            <line number="75" hits="0" branch="false" />
            <line number="77" hits="0" branch="false" />
            <line number="78" hits="4" branch="false" />
            <line number="79" hits="4" branch="false" />
            <line number="80" hits="4" branch="false" />
            <line number="83" hits="2" branch="false" />
            <line number="84" hits="2" branch="false" />
            <line number="86" hits="2" branch="false" />
            <line number="87" hits="2" branch="false" />
            <line number="89" hits="2" branch="true" condition-coverage="50% (1/2)" />
            <line number="90" hits="0" branch="false" />
            <line number="91" hits="0" branch="false" />
            <line number="93" hits="2" branch="false" />
            <line number="94" hits="0" branch="false" />
            <line number="95" hits="0" branch="false" />
            <line number="96" hits="0" branch="false" />
            <line number="98" hits="0" branch="false" />
            <line number="100" hits="2" branch="false" />
            <line number="101" hits="2" branch="false" />
            <line number="102" hits="2" branch="false" />
          </lines>
        </class>
      </classes>
    </package>
    <package name="TreatmentOfferingTesting" line-rate="0.991869918699187" branch-rate="1" complexity="17">
      <classes>
        <class name="AutoGeneratedProgram" filename="C:\Users\Dell\.nuget\packages\microsoft.net.test.sdk\16.5.0\build\netcoreapp2.1\Microsoft.NET.Test.Sdk.Program.cs" line-rate="0" branch-rate="1" complexity="1">
          <methods>
            <method name="Main" signature="(...)" line-rate="0" branch-rate="1" complexity="1">
              <lines>
                <line number="4" hits="0" branch="false" />
              </lines>
            </method>
          </methods>
          <lines>
            <line number="4" hits="0" branch="false" />
          </lines>
        </class>
        <class name="TreatmentOfferingTesting.OfferingInvalidTests" filename="C:\Users\Dell\Downloads\InternationalPatient\TreatmentOffering\TreatmentOfferingTesting\OfferingInvalidTests.cs" line-rate="1" branch-rate="1" complexity="8">
          <methods>
            <method name="Setup" signature="()" line-rate="1" branch-rate="1" complexity="1">
              <lines>
                <line number="26" hits="6" branch="false" />
                <line number="27" hits="6" branch="false" />
                <line number="28" hits="6" branch="false" />
                <line number="29" hits="6" branch="false" />
                <line number="30" hits="6" branch="false" />
                <line number="31" hits="6" branch="false" />
                <line number="32" hits="6" branch="false" />
                <line number="34" hits="6" branch="false" />
              </lines>
            </method>
            <method name="GetTreatmentPackages_InValidData" signature="()" line-rate="1" branch-rate="1" complexity="1">
              <lines>
                <line number="37" hits="1" branch="false" />
                <line number="38" hits="1" branch="false" />
                <line number="39" hits="1" branch="false" />
                <line number="40" hits="1" branch="false" />
                <line number="41" hits="1" branch="false" />
                <line number="42" hits="1" branch="false" />
              </lines>
            </method>
            <method name="GetPackagesByName_InValidData" signature="(...)" line-rate="1" branch-rate="1" complexity="1">
              <lines>
                <line number="45" hits="1" branch="false" />
                <line number="46" hits="1" branch="false" />
                <line number="47" hits="1" branch="false" />
                <line number="48" hits="1" branch="false" />
                <line number="49" hits="1" branch="false" />
                <line number="50" hits="1" branch="false" />
                <line number="51" hits="1" branch="false" />
                <line number="52" hits="1" branch="false" />
                <line number="53" hits="1" branch="false" />
                <line number="54" hits="1" branch="false" />
                <line number="55" hits="1" branch="false" />
              </lines>
            </method>
            <method name="GetSpecialistDetails_InvalidData" signature="()" line-rate="1" branch-rate="1" complexity="1">
              <lines>
                <line number="58" hits="1" branch="false" />
                <line number="59" hits="1" branch="false" />
                <line number="60" hits="1" branch="false" />
                <line number="61" hits="1" branch="false" />
                <line number="62" hits="1" branch="false" />
                <line number="63" hits="1" branch="false" />
              </lines>
            </method>
            <method name="IpTreatmentPackages_InvalidData" signature="()" line-rate="1" branch-rate="1" complexity="1">
              <lines>
                <line number="66" hits="1" branch="false" />
                <line number="67" hits="1" branch="false" />
                <line number="68" hits="1" branch="false" />
                <line number="69" hits="1" branch="false" />
                <line number="70" hits="1" branch="false" />
                <line number="71" hits="1" branch="false" />
                <line number="72" hits="1" branch="false" />
                <line number="73" hits="1" branch="false" />
              </lines>
            </method>
            <method name="PackagesByName_InvalidData" signature="(...)" line-rate="1" branch-rate="1" complexity="1">
              <lines>
                <line number="76" hits="1" branch="false" />
                <line number="77" hits="1" branch="false" />
                <line number="78" hits="1" branch="false" />
                <line number="79" hits="1" branch="false" />
                <line number="80" hits="1" branch="false" />
                <line number="81" hits="1" branch="false" />
                <line number="82" hits="1" branch="false" />
                <line number="83" hits="1" branch="false" />
                <line number="84" hits="1" branch="false" />
                <line number="85" hits="1" branch="false" />
                <line number="86" hits="1" branch="false" />
                <line number="87" hits="1" branch="false" />
                <line number="88" hits="1" branch="false" />
              </lines>
            </method>
            <method name="SpecialistDetail_InvalidData" signature="()" line-rate="1" branch-rate="1" complexity="1">
              <lines>
                <line number="91" hits="1" branch="false" />
                <line number="92" hits="1" branch="false" />
                <line number="93" hits="1" branch="false" />
                <line number="94" hits="1" branch="false" />
                <line number="95" hits="1" branch="false" />
                <line number="96" hits="1" branch="false" />
                <line number="97" hits="1" branch="false" />
                <line number="98" hits="1" branch="false" />
              </lines>
            </method>
            <method name=".ctor" signature="()" line-rate="1" branch-rate="1" complexity="1">
              <lines>
                <line number="17" hits="1" branch="false" />
                <line number="18" hits="1" branch="false" />
                <line number="19" hits="1" branch="false" />
                <line number="20" hits="1" branch="false" />
              </lines>
            </method>
          </methods>
          <lines>
            <line number="17" hits="1" branch="false" />
            <line number="18" hits="1" branch="false" />
            <line number="19" hits="1" branch="false" />
            <line number="20" hits="1" branch="false" />
            <line number="26" hits="6" branch="false" />
            <line number="27" hits="6" branch="false" />
            <line number="28" hits="6" branch="false" />
            <line number="29" hits="6" branch="false" />
            <line number="30" hits="6" branch="false" />
            <line number="31" hits="6" branch="false" />
            <line number="32" hits="6" branch="false" />
            <line number="34" hits="6" branch="false" />
            <line number="37" hits="1" branch="false" />
            <line number="38" hits="1" branch="false" />
            <line number="39" hits="1" branch="false" />
            <line number="40" hits="1" branch="false" />
            <line number="41" hits="1" branch="false" />
            <line number="42" hits="1" branch="false" />
            <line number="45" hits="1" branch="false" />
            <line number="46" hits="1" branch="false" />
            <line number="47" hits="1" branch="false" />
            <line number="48" hits="1" branch="false" />
            <line number="49" hits="1" branch="false" />
            <line number="50" hits="1" branch="false" />
            <line number="51" hits="1" branch="false" />
            <line number="52" hits="1" branch="false" />
            <line number="53" hits="1" branch="false" />
            <line number="54" hits="1" branch="false" />
            <line number="55" hits="1" branch="false" />
            <line number="58" hits="1" branch="false" />
            <line number="59" hits="1" branch="false" />
            <line number="60" hits="1" branch="false" />
            <line number="61" hits="1" branch="false" />
            <line number="62" hits="1" branch="false" />
            <line number="63" hits="1" branch="false" />
            <line number="66" hits="1" branch="false" />
            <line number="67" hits="1" branch="false" />
            <line number="68" hits="1" branch="false" />
            <line number="69" hits="1" branch="false" />
            <line number="70" hits="1" branch="false" />
            <line number="71" hits="1" branch="false" />
            <line number="72" hits="1" branch="false" />
            <line number="73" hits="1" branch="false" />
            <line number="76" hits="1" branch="false" />
            <line number="77" hits="1" branch="false" />
            <line number="78" hits="1" branch="false" />
            <line number="79" hits="1" branch="false" />
            <line number="80" hits="1" branch="false" />
            <line number="81" hits="1" branch="false" />
            <line number="82" hits="1" branch="false" />
            <line number="83" hits="1" branch="false" />
            <line number="84" hits="1" branch="false" />
            <line number="85" hits="1" branch="false" />
            <line number="86" hits="1" branch="false" />
            <line number="87" hits="1" branch="false" />
            <line number="88" hits="1" branch="false" />
            <line number="91" hits="1" branch="false" />
            <line number="92" hits="1" branch="false" />
            <line number="93" hits="1" branch="false" />
            <line number="94" hits="1" branch="false" />
            <line number="95" hits="1" branch="false" />
            <line number="96" hits="1" branch="false" />
            <line number="97" hits="1" branch="false" />
            <line number="98" hits="1" branch="false" />
          </lines>
        </class>
        <class name="TreatmentOfferingTesting.OfferingValidTests" filename="C:\Users\Dell\Downloads\InternationalPatient\TreatmentOffering\TreatmentOfferingTesting\OfferingValidTests.cs" line-rate="1" branch-rate="1" complexity="8">
          <methods>
            <method name="Setup" signature="()" line-rate="1" branch-rate="1" complexity="1">
              <lines>
                <line number="23" hits="8" branch="false" />
                <line number="24" hits="8" branch="false" />
                <line number="25" hits="8" branch="false" />
                <line number="26" hits="8" branch="false" />
                <line number="27" hits="8" branch="false" />
                <line number="28" hits="8" branch="false" />
                <line number="29" hits="8" branch="false" />
                <line number="30" hits="8" branch="false" />
                <line number="31" hits="8" branch="false" />
                <line number="32" hits="8" branch="false" />
                <line number="33" hits="8" branch="false" />
                <line number="34" hits="8" branch="false" />
                <line number="35" hits="8" branch="false" />
                <line number="36" hits="8" branch="false" />
                <line number="37" hits="8" branch="false" />
                <line number="38" hits="8" branch="false" />
                <line number="39" hits="8" branch="false" />
                <line number="40" hits="8" branch="false" />
                <line number="41" hits="8" branch="false" />
                <line number="42" hits="8" branch="false" />
                <line number="43" hits="8" branch="false" />
                <line number="44" hits="8" branch="false" />
              </lines>
            </method>
            <method name="GetTreatmentPackages_ValidData" signature="()" line-rate="1" branch-rate="1" complexity="1">
              <lines>
                <line number="48" hits="1" branch="false" />
                <line number="49" hits="1" branch="false" />
                <line number="50" hits="1" branch="false" />
                <line number="51" hits="1" branch="false" />
                <line number="53" hits="1" branch="false" />
              </lines>
            </method>
            <method name="GetPackagesByName_ValidData" signature="(...)" line-rate="1" branch-rate="1" complexity="1">
              <lines>
                <line number="57" hits="2" branch="false" />
                <line number="58" hits="2" branch="false" />
                <line number="59" hits="2" branch="false" />
                <line number="60" hits="2" branch="false" />
                <line number="61" hits="2" branch="false" />
                <line number="62" hits="2" branch="false" />
              </lines>
            </method>
            <method name="GetSpecialistDetails_ValidData" signature="()" line-rate="1" branch-rate="1" complexity="1">
              <lines>
                <line number="66" hits="1" branch="false" />
                <line number="67" hits="1" branch="false" />
                <line number="68" hits="1" branch="false" />
                <line number="69" hits="1" branch="false" />
                <line number="70" hits="1" branch="false" />
              </lines>
            </method>
            <method name="IpTreatmentPackages_ValidData" signature="()" line-rate="1" branch-rate="1" complexity="1">
              <lines>
                <line number="73" hits="1" branch="false" />
                <line number="74" hits="1" branch="false" />
                <line number="75" hits="1" branch="false" />
                <line number="76" hits="1" branch="false" />
                <line number="77" hits="1" branch="false" />
                <line number="79" hits="1" branch="false" />
              </lines>
            </method>
            <method name="PackagesByName_ValidData" signature="(...)" line-rate="1" branch-rate="1" complexity="1">
              <lines>
                <line number="83" hits="2" branch="false" />
                <line number="84" hits="2" branch="false" />
                <line number="85" hits="2" branch="false" />
                <line number="86" hits="2" branch="false" />
                <line number="87" hits="2" branch="false" />
                <line number="88" hits="2" branch="false" />
              </lines>
            </method>
            <method name="SpecialistDetail_ValidData" signature="()" line-rate="1" branch-rate="1" complexity="1">
              <lines>
                <line number="91" hits="1" branch="false" />
                <line number="92" hits="1" branch="false" />
                <line number="93" hits="1" branch="false" />
                <line number="94" hits="1" branch="false" />
                <line number="95" hits="1" branch="false" />
                <line number="96" hits="1" branch="false" />
              </lines>
            </method>
            <method name=".ctor" signature="()" line-rate="1" branch-rate="1" complexity="1">
              <lines>
                <line number="15" hits="1" branch="false" />
                <line number="17" hits="1" branch="false" />
              </lines>
            </method>
          </methods>
          <lines>
            <line number="15" hits="1" branch="false" />
            <line number="17" hits="1" branch="false" />
            <line number="23" hits="8" branch="false" />
            <line number="24" hits="8" branch="false" />
            <line number="25" hits="8" branch="false" />
            <line number="26" hits="8" branch="false" />
            <line number="27" hits="8" branch="false" />
            <line number="28" hits="8" branch="false" />
            <line number="29" hits="8" branch="false" />
            <line number="30" hits="8" branch="false" />
            <line number="31" hits="8" branch="false" />
            <line number="32" hits="8" branch="false" />
            <line number="33" hits="8" branch="false" />
            <line number="34" hits="8" branch="false" />
            <line number="35" hits="8" branch="false" />
            <line number="36" hits="8" branch="false" />
            <line number="37" hits="8" branch="false" />
            <line number="38" hits="8" branch="false" />
            <line number="39" hits="8" branch="false" />
            <line number="40" hits="8" branch="false" />
            <line number="41" hits="8" branch="false" />
            <line number="42" hits="8" branch="false" />
            <line number="43" hits="8" branch="false" />
            <line number="44" hits="8" branch="false" />
            <line number="48" hits="1" branch="false" />
            <line number="49" hits="1" branch="false" />
            <line number="50" hits="1" branch="false" />
            <line number="51" hits="1" branch="false" />
            <line number="53" hits="1" branch="false" />
            <line number="57" hits="2" branch="false" />
            <line number="58" hits="2" branch="false" />
            <line number="59" hits="2" branch="false" />
            <line number="60" hits="2" branch="false" />
            <line number="61" hits="2" branch="false" />
            <line number="62" hits="2" branch="false" />
            <line number="66" hits="1" branch="false" />
            <line number="67" hits="1" branch="false" />
            <line number="68" hits="1" branch="false" />
            <line number="69" hits="1" branch="false" />
            <line number="70" hits="1" branch="false" />
            <line number="73" hits="1" branch="false" />
            <line number="74" hits="1" branch="false" />
            <line number="75" hits="1" branch="false" />
            <line number="76" hits="1" branch="false" />
            <line number="77" hits="1" branch="false" />
            <line number="79" hits="1" branch="false" />
            <line number="83" hits="2" branch="false" />
            <line number="84" hits="2" branch="false" />
            <line number="85" hits="2" branch="false" />
            <line number="86" hits="2" branch="false" />
            <line number="87" hits="2" branch="false" />
            <line number="88" hits="2" branch="false" />
            <line number="91" hits="1" branch="false" />
            <line number="92" hits="1" branch="false" />
            <line number="93" hits="1" branch="false" />
            <line number="94" hits="1" branch="false" />
            <line number="95" hits="1" branch="false" />
            <line number="96" hits="1" branch="false" />
          </lines>
        </class>
      </classes>
    </package>
  </packages>
</coverage>