TpTrace Verbose: 0 : 12516, 1, 2021/07/19, 01:04:42.986, 2110747845026, vstest.console.dll, Version: 16.10.0-release-20210520-03
TpTrace Information: 0 : 12516, 1, 2021/07/19, 01:04:42.995, 2110747930447, vstest.console.dll, FilePatternParser: The given file C:\Users\Dell\Downloads\InternationalPatient\TreatmentOffering\TreatmentOfferingTesting\bin\Debug\netcoreapp3.1\fine-code-coverage\build-output\TreatmentOfferingTesting.dll is a full path.
TpTrace Verbose: 0 : 12516, 1, 2021/07/19, 01:04:43.002, 2110747993963, vstest.console.dll, TestPluginCache.DiscoverTestExtensions: finding test extensions in assemblies ends with: RuntimeProvider.dll TPluginInfo: Microsoft.VisualStudio.TestPlatform.Common.ExtensionFramework.Utilities.TestRuntimePluginInformation TExtension: Microsoft.VisualStudio.TestPlatform.ObjectModel.Host.ITestRuntimeProvider
TpTrace Verbose: 0 : 12516, 1, 2021/07/19, 01:04:43.003, 2110748007036, vstest.console.dll, TestPluginCache.GetExtensionPaths: Filtered extension paths: 
TpTrace Verbose: 0 : 12516, 1, 2021/07/19, 01:04:43.003, 2110748008747, vstest.console.dll, TestPluginCache.GetExtensionPaths: Added default extension paths: C:\Program Files\dotnet\sdk\5.0.301\Extensions\Microsoft.Diagnostics.NETCore.Client.dll
C:\Program Files\dotnet\sdk\5.0.301\Extensions\Microsoft.TestPlatform.Extensions.BlameDataCollector.dll
C:\Program Files\dotnet\sdk\5.0.301\Extensions\Microsoft.TestPlatform.Extensions.EventLogCollector.dll
C:\Program Files\dotnet\sdk\5.0.301\Extensions\Microsoft.TestPlatform.TestHostRuntimeProvider.dll
C:\Program Files\dotnet\sdk\5.0.301\Extensions\Microsoft.VisualStudio.TestPlatform.Extensions.Html.TestLogger.dll
C:\Program Files\dotnet\sdk\5.0.301\Extensions\Microsoft.VisualStudio.TestPlatform.Extensions.Trx.TestLogger.dll
TpTrace Verbose: 0 : 12516, 1, 2021/07/19, 01:04:43.003, 2110748009341, vstest.console.dll, TestPluginCache.GetExtensionPaths: Added unfilterableExtensionPaths: 
TpTrace Information: 0 : 12516, 1, 2021/07/19, 01:04:43.004, 2110748018105, vstest.console.dll, AssemblyResolver.ctor: Creating AssemblyResolver with searchDirectories C:\Program Files\dotnet\sdk\5.0.301\Extensions,C:\Program Files\dotnet\sdk\5.0.301
TpTrace Verbose: 0 : 12516, 1, 2021/07/19, 01:04:43.005, 2110748027717, vstest.console.dll, TestPluginCache.DiscoverTestExtensions: Discovering the extensions using extension path.
TpTrace Verbose: 0 : 12516, 1, 2021/07/19, 01:04:43.005, 2110748028937, vstest.console.dll, TestPluginCache.GetExtensionPaths: Filtered extension paths: 
TpTrace Verbose: 0 : 12516, 1, 2021/07/19, 01:04:43.005, 2110748029384, vstest.console.dll, TestPluginCache.GetExtensionPaths: Added default extension paths: C:\Program Files\dotnet\sdk\5.0.301\Extensions\Microsoft.Diagnostics.NETCore.Client.dll
C:\Program Files\dotnet\sdk\5.0.301\Extensions\Microsoft.TestPlatform.Extensions.BlameDataCollector.dll
C:\Program Files\dotnet\sdk\5.0.301\Extensions\Microsoft.TestPlatform.Extensions.EventLogCollector.dll
C:\Program Files\dotnet\sdk\5.0.301\Extensions\Microsoft.TestPlatform.TestHostRuntimeProvider.dll
C:\Program Files\dotnet\sdk\5.0.301\Extensions\Microsoft.VisualStudio.TestPlatform.Extensions.Html.TestLogger.dll
C:\Program Files\dotnet\sdk\5.0.301\Extensions\Microsoft.VisualStudio.TestPlatform.Extensions.Trx.TestLogger.dll
TpTrace Verbose: 0 : 12516, 1, 2021/07/19, 01:04:43.005, 2110748029802, vstest.console.dll, TestPluginCache.GetExtensionPaths: Added unfilterableExtensionPaths: 
TpTrace Verbose: 0 : 12516, 1, 2021/07/19, 01:04:43.005, 2110748030437, vstest.console.dll, TestPluginCache.DiscoverTestExtensions: Discovering the extensions using allExtensionPaths: C:\Program Files\dotnet\sdk\5.0.301\Extensions\Microsoft.Diagnostics.NETCore.Client.dll
C:\Program Files\dotnet\sdk\5.0.301\Extensions\Microsoft.TestPlatform.Extensions.BlameDataCollector.dll
C:\Program Files\dotnet\sdk\5.0.301\Extensions\Microsoft.TestPlatform.Extensions.EventLogCollector.dll
C:\Program Files\dotnet\sdk\5.0.301\Extensions\Microsoft.TestPlatform.TestHostRuntimeProvider.dll
C:\Program Files\dotnet\sdk\5.0.301\Extensions\Microsoft.VisualStudio.TestPlatform.Extensions.Html.TestLogger.dll
C:\Program Files\dotnet\sdk\5.0.301\Extensions\Microsoft.VisualStudio.TestPlatform.Extensions.Trx.TestLogger.dll
TpTrace Information: 0 : 12516, 1, 2021/07/19, 01:04:43.005, 2110748032035, vstest.console.dll, AssemblyResolver.AddSearchDirectories: Adding more searchDirectories C:\Program Files\dotnet\sdk\5.0.301\Extensions,C:\Program Files\dotnet\sdk\5.0.301
TpTrace Information: 0 : 12516, 1, 2021/07/19, 01:04:43.005, 2110748032697, vstest.console.dll, AssemblyResolver.AddSearchDirectories: Adding more searchDirectories C:\Program Files\dotnet\sdk\5.0.301\Extensions,C:\Program Files\dotnet\sdk\5.0.301
TpTrace Information: 0 : 12516, 1, 2021/07/19, 01:04:43.005, 2110748033124, vstest.console.dll, AssemblyResolver.AddSearchDirectories: Adding more searchDirectories C:\Program Files\dotnet\sdk\5.0.301\Extensions,C:\Program Files\dotnet\sdk\5.0.301
TpTrace Information: 0 : 12516, 1, 2021/07/19, 01:04:43.005, 2110748033528, vstest.console.dll, AssemblyResolver.AddSearchDirectories: Adding more searchDirectories C:\Program Files\dotnet\sdk\5.0.301\Extensions,C:\Program Files\dotnet\sdk\5.0.301
TpTrace Information: 0 : 12516, 1, 2021/07/19, 01:04:43.006, 2110748033872, vstest.console.dll, AssemblyResolver.AddSearchDirectories: Adding more searchDirectories C:\Program Files\dotnet\sdk\5.0.301\Extensions,C:\Program Files\dotnet\sdk\5.0.301
TpTrace Information: 0 : 12516, 1, 2021/07/19, 01:04:43.006, 2110748034228, vstest.console.dll, AssemblyResolver.AddSearchDirectories: Adding more searchDirectories C:\Program Files\dotnet\sdk\5.0.301\Extensions,C:\Program Files\dotnet\sdk\5.0.301
TpTrace Information: 0 : 12516, 1, 2021/07/19, 01:04:43.006, 2110748037674, vstest.console.dll, AssemblyResolver.OnResolve: Microsoft.Diagnostics.NETCore.Client: Resolving assembly.
TpTrace Information: 0 : 12516, 1, 2021/07/19, 01:04:43.006, 2110748038299, vstest.console.dll, AssemblyResolver.OnResolve: Microsoft.Diagnostics.NETCore.Client: Searching in: 'C:\Program Files\dotnet\sdk\5.0.301\Extensions'.
TpTrace Information: 0 : 12516, 1, 2021/07/19, 01:04:43.007, 2110748045149, vstest.console.dll, AssemblyResolver.OnResolve: Microsoft.Diagnostics.NETCore.Client: Loading assembly 'C:\Program Files\dotnet\sdk\5.0.301\Extensions\Microsoft.Diagnostics.NETCore.Client.dll'.
TpTrace Information: 0 : 12516, 1, 2021/07/19, 01:04:43.008, 2110748054240, vstest.console.dll, AssemblyResolver.OnResolve: Resolved assembly: Microsoft.Diagnostics.NETCore.Client, from path: C:\Program Files\dotnet\sdk\5.0.301\Extensions\Microsoft.Diagnostics.NETCore.Client.dll
TpTrace Information: 0 : 12516, 1, 2021/07/19, 01:04:43.010, 2110748079635, vstest.console.dll, AssemblyResolver.OnResolve: Microsoft.Bcl.AsyncInterfaces: Resolving assembly.
TpTrace Information: 0 : 12516, 1, 2021/07/19, 01:04:43.010, 2110748080520, vstest.console.dll, AssemblyResolver.OnResolve: Microsoft.Bcl.AsyncInterfaces: Searching in: 'C:\Program Files\dotnet\sdk\5.0.301\Extensions'.
TpTrace Information: 0 : 12516, 1, 2021/07/19, 01:04:43.010, 2110748081425, vstest.console.dll, AssemblyResolver.OnResolve: Microsoft.Bcl.AsyncInterfaces: Assembly path does not exist: 'C:\Program Files\dotnet\sdk\5.0.301\Extensions\Microsoft.Bcl.AsyncInterfaces.dll', returning.
TpTrace Information: 0 : 12516, 1, 2021/07/19, 01:04:43.010, 2110748082193, vstest.console.dll, AssemblyResolver.OnResolve: Microsoft.Bcl.AsyncInterfaces: Assembly path does not exist: 'C:\Program Files\dotnet\sdk\5.0.301\Extensions\Microsoft.Bcl.AsyncInterfaces.exe', returning.
TpTrace Information: 0 : 12516, 1, 2021/07/19, 01:04:43.010, 2110748082555, vstest.console.dll, AssemblyResolver.OnResolve: Microsoft.Bcl.AsyncInterfaces: Searching in: 'C:\Program Files\dotnet\sdk\5.0.301'.
TpTrace Information: 0 : 12516, 1, 2021/07/19, 01:04:43.010, 2110748083218, vstest.console.dll, AssemblyResolver.OnResolve: Microsoft.Bcl.AsyncInterfaces: Assembly path does not exist: 'C:\Program Files\dotnet\sdk\5.0.301\Microsoft.Bcl.AsyncInterfaces.dll', returning.
TpTrace Information: 0 : 12516, 1, 2021/07/19, 01:04:43.011, 2110748084414, vstest.console.dll, AssemblyResolver.OnResolve: Microsoft.Bcl.AsyncInterfaces: Assembly path does not exist: 'C:\Program Files\dotnet\sdk\5.0.301\Microsoft.Bcl.AsyncInterfaces.exe', returning.
TpTrace Information: 0 : 12516, 1, 2021/07/19, 01:04:43.011, 2110748084849, vstest.console.dll, AssemblyResolver.OnResolve: Microsoft.Bcl.AsyncInterfaces: Failed to load assembly.
TpTrace Verbose: 0 : 12516, 1, 2021/07/19, 01:04:43.011, 2110748085249, vstest.console.dll, CurrentDomainAssemblyResolve: Resolving assembly 'Microsoft.Bcl.AsyncInterfaces'.
TpTrace Information: 0 : 12516, 1, 2021/07/19, 01:04:43.011, 2110748085871, vstest.console.dll, AssemblyResolver.OnResolve: Microsoft.Bcl.AsyncInterfaces: Resolving assembly.
TpTrace Information: 0 : 12516, 1, 2021/07/19, 01:04:43.011, 2110748086266, vstest.console.dll, AssemblyResolver.OnResolve: Microsoft.Bcl.AsyncInterfaces: Resolved from cache.
TpTrace Verbose: 0 : 12516, 1, 2021/07/19, 01:04:43.011, 2110748086582, vstest.console.dll, CurrentDomainAssemblyResolve: Resolving assembly 'Microsoft.Bcl.AsyncInterfaces'.
TpTrace Verbose: 0 : 12516, 1, 2021/07/19, 01:04:43.011, 2110748087015, vstest.console.dll, CurrentDomainAssemblyResolve: Failed to resolve assembly 'Microsoft.Bcl.AsyncInterfaces'.
TpTrace Verbose: 0 : 12516, 1, 2021/07/19, 01:04:43.011, 2110748093395, vstest.console.dll, CurrentDomainAssemblyResolve: Failed to resolve assembly 'Microsoft.Bcl.AsyncInterfaces'.
TpTrace Warning: 0 : 12516, 1, 2021/07/19, 01:04:43.024, 2110748214321, vstest.console.dll, TestPluginDiscoverer: Failed to get types from assembly 'Microsoft.Diagnostics.NETCore.Client, Version=0.2.2.41902, Culture=neutral, PublicKeyToken=31bf3856ad364e35'.  Skipping test extension scan for this assembly.  Error: System.Reflection.ReflectionTypeLoadException: Unable to load one or more of the requested types.
Could not load file or assembly 'Microsoft.Bcl.AsyncInterfaces, Version=1.0.0.0, Culture=neutral, PublicKeyToken=cc7b13ffcd2ddd51'. The system cannot find the file specified.
   at System.Reflection.RuntimeModule.GetTypes(RuntimeModule module)
   at System.Reflection.RuntimeModule.GetTypes()
   at System.Reflection.Assembly.GetTypes()
   at Microsoft.VisualStudio.TestPlatform.Common.ExtensionFramework.TestPluginDiscoverer.GetTestExtensionsFromAssembly[TPluginInfo,TExtension](Assembly assembly, Dictionary`2 pluginInfos)
System.IO.FileNotFoundException: Could not load file or assembly 'Microsoft.Bcl.AsyncInterfaces, Version=1.0.0.0, Culture=neutral, PublicKeyToken=cc7b13ffcd2ddd51'. The system cannot find the file specified.
File name: 'Microsoft.Bcl.AsyncInterfaces, Version=1.0.0.0, Culture=neutral, PublicKeyToken=cc7b13ffcd2ddd51'
TpTrace Warning: 0 : 12516, 1, 2021/07/19, 01:04:43.024, 2110748215555, vstest.console.dll, LoaderExceptions: System.IO.FileNotFoundException: Could not load file or assembly 'Microsoft.Bcl.AsyncInterfaces, Version=1.0.0.0, Culture=neutral, PublicKeyToken=cc7b13ffcd2ddd51'. The system cannot find the file specified.
File name: 'Microsoft.Bcl.AsyncInterfaces, Version=1.0.0.0, Culture=neutral, PublicKeyToken=cc7b13ffcd2ddd51'
TpTrace Information: 0 : 12516, 1, 2021/07/19, 01:04:43.024, 2110748216549, vstest.console.dll, AssemblyResolver.OnResolve: Microsoft.TestPlatform.Extensions.BlameDataCollector: Resolving assembly.
TpTrace Information: 0 : 12516, 1, 2021/07/19, 01:04:43.024, 2110748216926, vstest.console.dll, AssemblyResolver.OnResolve: Microsoft.TestPlatform.Extensions.BlameDataCollector: Searching in: 'C:\Program Files\dotnet\sdk\5.0.301\Extensions'.
TpTrace Information: 0 : 12516, 1, 2021/07/19, 01:04:43.024, 2110748222706, vstest.console.dll, AssemblyResolver.OnResolve: Microsoft.TestPlatform.Extensions.BlameDataCollector: Loading assembly 'C:\Program Files\dotnet\sdk\5.0.301\Extensions\Microsoft.TestPlatform.Extensions.BlameDataCollector.dll'.
TpTrace Information: 0 : 12516, 1, 2021/07/19, 01:04:43.025, 2110748230867, vstest.console.dll, AssemblyResolver.OnResolve: Resolved assembly: Microsoft.TestPlatform.Extensions.BlameDataCollector, from path: C:\Program Files\dotnet\sdk\5.0.301\Extensions\Microsoft.TestPlatform.Extensions.BlameDataCollector.dll
TpTrace Information: 0 : 12516, 1, 2021/07/19, 01:04:43.026, 2110748237683, vstest.console.dll, AssemblyResolver.OnResolve: Microsoft.TestPlatform.Extensions.EventLogCollector: Resolving assembly.
TpTrace Information: 0 : 12516, 1, 2021/07/19, 01:04:43.026, 2110748238447, vstest.console.dll, AssemblyResolver.OnResolve: Microsoft.TestPlatform.Extensions.EventLogCollector: Searching in: 'C:\Program Files\dotnet\sdk\5.0.301\Extensions'.
TpTrace Information: 0 : 12516, 1, 2021/07/19, 01:04:43.026, 2110748243760, vstest.console.dll, AssemblyResolver.OnResolve: Microsoft.TestPlatform.Extensions.EventLogCollector: Loading assembly 'C:\Program Files\dotnet\sdk\5.0.301\Extensions\Microsoft.TestPlatform.Extensions.EventLogCollector.dll'.
TpTrace Information: 0 : 12516, 1, 2021/07/19, 01:04:43.027, 2110748249231, vstest.console.dll, AssemblyResolver.OnResolve: Resolved assembly: Microsoft.TestPlatform.Extensions.EventLogCollector, from path: C:\Program Files\dotnet\sdk\5.0.301\Extensions\Microsoft.TestPlatform.Extensions.EventLogCollector.dll
TpTrace Information: 0 : 12516, 1, 2021/07/19, 01:04:43.029, 2110748271570, vstest.console.dll, AssemblyResolver.OnResolve: Microsoft.TestPlatform.TestHostRuntimeProvider: Resolving assembly.
TpTrace Information: 0 : 12516, 1, 2021/07/19, 01:04:43.029, 2110748272270, vstest.console.dll, AssemblyResolver.OnResolve: Microsoft.TestPlatform.TestHostRuntimeProvider: Searching in: 'C:\Program Files\dotnet\sdk\5.0.301\Extensions'.
TpTrace Information: 0 : 12516, 1, 2021/07/19, 01:04:43.030, 2110748277996, vstest.console.dll, AssemblyResolver.OnResolve: Microsoft.TestPlatform.TestHostRuntimeProvider: Loading assembly 'C:\Program Files\dotnet\sdk\5.0.301\Extensions\Microsoft.TestPlatform.TestHostRuntimeProvider.dll'.
TpTrace Information: 0 : 12516, 1, 2021/07/19, 01:04:43.030, 2110748283763, vstest.console.dll, AssemblyResolver.OnResolve: Resolved assembly: Microsoft.TestPlatform.TestHostRuntimeProvider, from path: C:\Program Files\dotnet\sdk\5.0.301\Extensions\Microsoft.TestPlatform.TestHostRuntimeProvider.dll
TpTrace Information: 0 : 12516, 1, 2021/07/19, 01:04:43.031, 2110748293783, vstest.console.dll, AssemblyResolver.OnResolve: Microsoft.VisualStudio.TestPlatform.Extensions.Html.TestLogger: Resolving assembly.
TpTrace Information: 0 : 12516, 1, 2021/07/19, 01:04:43.032, 2110748294352, vstest.console.dll, AssemblyResolver.OnResolve: Microsoft.VisualStudio.TestPlatform.Extensions.Html.TestLogger: Searching in: 'C:\Program Files\dotnet\sdk\5.0.301\Extensions'.
TpTrace Information: 0 : 12516, 1, 2021/07/19, 01:04:43.032, 2110748299284, vstest.console.dll, AssemblyResolver.OnResolve: Microsoft.VisualStudio.TestPlatform.Extensions.Html.TestLogger: Loading assembly 'C:\Program Files\dotnet\sdk\5.0.301\Extensions\Microsoft.VisualStudio.TestPlatform.Extensions.Html.TestLogger.dll'.
TpTrace Information: 0 : 12516, 1, 2021/07/19, 01:04:43.033, 2110748305430, vstest.console.dll, AssemblyResolver.OnResolve: Resolved assembly: Microsoft.VisualStudio.TestPlatform.Extensions.Html.TestLogger, from path: C:\Program Files\dotnet\sdk\5.0.301\Extensions\Microsoft.VisualStudio.TestPlatform.Extensions.Html.TestLogger.dll
TpTrace Information: 0 : 12516, 1, 2021/07/19, 01:04:43.033, 2110748308530, vstest.console.dll, AssemblyResolver.OnResolve: Microsoft.VisualStudio.TestPlatform.Extensions.Trx.TestLogger: Resolving assembly.
TpTrace Information: 0 : 12516, 1, 2021/07/19, 01:04:43.033, 2110748308997, vstest.console.dll, AssemblyResolver.OnResolve: Microsoft.VisualStudio.TestPlatform.Extensions.Trx.TestLogger: Searching in: 'C:\Program Files\dotnet\sdk\5.0.301\Extensions'.
TpTrace Information: 0 : 12516, 1, 2021/07/19, 01:04:43.034, 2110748316155, vstest.console.dll, AssemblyResolver.OnResolve: Microsoft.VisualStudio.TestPlatform.Extensions.Trx.TestLogger: Loading assembly 'C:\Program Files\dotnet\sdk\5.0.301\Extensions\Microsoft.VisualStudio.TestPlatform.Extensions.Trx.TestLogger.dll'.
TpTrace Information: 0 : 12516, 1, 2021/07/19, 01:04:43.034, 2110748322885, vstest.console.dll, AssemblyResolver.OnResolve: Resolved assembly: Microsoft.VisualStudio.TestPlatform.Extensions.Trx.TestLogger, from path: C:\Program Files\dotnet\sdk\5.0.301\Extensions\Microsoft.VisualStudio.TestPlatform.Extensions.Trx.TestLogger.dll
TpTrace Verbose: 0 : 12516, 1, 2021/07/19, 01:04:43.035, 2110748327685, vstest.console.dll, TestPluginCache: Discovered the extensions using extension path ''.
TpTrace Verbose: 0 : 12516, 1, 2021/07/19, 01:04:43.035, 2110748328206, vstest.console.dll, TestPluginCache: Discoverers are ''.
TpTrace Verbose: 0 : 12516, 1, 2021/07/19, 01:04:43.035, 2110748328478, vstest.console.dll, TestPluginCache: Executors are ''.
TpTrace Verbose: 0 : 12516, 1, 2021/07/19, 01:04:43.035, 2110748328722, vstest.console.dll, TestPluginCache: Executors2 are ''.
TpTrace Verbose: 0 : 12516, 1, 2021/07/19, 01:04:43.035, 2110748328960, vstest.console.dll, TestPluginCache: Setting providers are ''.
TpTrace Verbose: 0 : 12516, 1, 2021/07/19, 01:04:43.035, 2110748329196, vstest.console.dll, TestPluginCache: Loggers are ''.
TpTrace Information: 0 : 12516, 1, 2021/07/19, 01:04:43.039, 2110748366199, vstest.console.dll, RunTestsArgumentProcessor:Execute: Test run is starting.
TpTrace Verbose: 0 : 12516, 1, 2021/07/19, 01:04:43.039, 2110748366977, vstest.console.dll, RunTestsArgumentProcessor:Execute: Queuing Test run.
TpTrace Information: 0 : 12516, 1, 2021/07/19, 01:04:43.039, 2110748368572, vstest.console.dll, TestRequestManager.RunTests: run tests started.
TpTrace Information: 0 : 12516, 1, 2021/07/19, 01:04:43.042, 2110748400965, vstest.console.dll, AssemblyMetadataProvider.GetFrameWork: Determined framework:'.NETCoreApp,Version=v3.1' for source: 'C:\Users\Dell\Downloads\InternationalPatient\TreatmentOffering\TreatmentOfferingTesting\bin\Debug\netcoreapp3.1\fine-code-coverage\build-output\TreatmentOfferingTesting.dll'
TpTrace Information: 0 : 12516, 1, 2021/07/19, 01:04:43.042, 2110748402436, vstest.console.dll, Determined framework for all sources: .NETCoreApp,Version=v3.1
TpTrace Information: 0 : 12516, 1, 2021/07/19, 01:04:43.043, 2110748405673, vstest.console.dll, AssemblyMetadataProvider.GetArchitecture: Determined architecture:AnyCPU info for assembly: C:\Users\Dell\Downloads\InternationalPatient\TreatmentOffering\TreatmentOfferingTesting\bin\Debug\netcoreapp3.1\fine-code-coverage\build-output\TreatmentOfferingTesting.dll
TpTrace Information: 0 : 12516, 1, 2021/07/19, 01:04:43.044, 2110748420699, vstest.console.dll, Determined platform for all sources: X64
TpTrace Information: 0 : 12516, 1, 2021/07/19, 01:04:43.046, 2110748441265, vstest.console.dll, Compatible sources list : 
TpTrace Information: 0 : 12516, 1, 2021/07/19, 01:04:43.046, 2110748441955, vstest.console.dll, C:\Users\Dell\Downloads\InternationalPatient\TreatmentOffering\TreatmentOfferingTesting\bin\Debug\netcoreapp3.1\fine-code-coverage\build-output\TreatmentOfferingTesting.dll
TpTrace Information: 0 : 12516, 1, 2021/07/19, 01:04:43.048, 2110748458088, vstest.console.dll, InferRunSettingsHelper.IsTestSettingsEnabled: Unable to navigate to RunSettings/MSTest. Current node: RunSettings
TpTrace Information: 0 : 12516, 1, 2021/07/19, 01:04:43.048, 2110748463008, vstest.console.dll, AssemblyResolver.OnResolve: Microsoft.VisualStudio.TestPlatform.Fakes: Resolving assembly.
TpTrace Information: 0 : 12516, 1, 2021/07/19, 01:04:43.048, 2110748463526, vstest.console.dll, AssemblyResolver.OnResolve: Microsoft.VisualStudio.TestPlatform.Fakes: Searching in: 'C:\Program Files\dotnet\sdk\5.0.301\Extensions'.
TpTrace Information: 0 : 12516, 1, 2021/07/19, 01:04:43.049, 2110748464624, vstest.console.dll, AssemblyResolver.OnResolve: Microsoft.VisualStudio.TestPlatform.Fakes: Assembly path does not exist: 'C:\Program Files\dotnet\sdk\5.0.301\Extensions\Microsoft.VisualStudio.TestPlatform.Fakes.dll', returning.
TpTrace Information: 0 : 12516, 1, 2021/07/19, 01:04:43.049, 2110748465327, vstest.console.dll, AssemblyResolver.OnResolve: Microsoft.VisualStudio.TestPlatform.Fakes: Assembly path does not exist: 'C:\Program Files\dotnet\sdk\5.0.301\Extensions\Microsoft.VisualStudio.TestPlatform.Fakes.exe', returning.
TpTrace Information: 0 : 12516, 1, 2021/07/19, 01:04:43.049, 2110748465673, vstest.console.dll, AssemblyResolver.OnResolve: Microsoft.VisualStudio.TestPlatform.Fakes: Searching in: 'C:\Program Files\dotnet\sdk\5.0.301'.
TpTrace Information: 0 : 12516, 1, 2021/07/19, 01:04:43.049, 2110748466328, vstest.console.dll, AssemblyResolver.OnResolve: Microsoft.VisualStudio.TestPlatform.Fakes: Assembly path does not exist: 'C:\Program Files\dotnet\sdk\5.0.301\Microsoft.VisualStudio.TestPlatform.Fakes.dll', returning.
TpTrace Information: 0 : 12516, 1, 2021/07/19, 01:04:43.049, 2110748466980, vstest.console.dll, AssemblyResolver.OnResolve: Microsoft.VisualStudio.TestPlatform.Fakes: Assembly path does not exist: 'C:\Program Files\dotnet\sdk\5.0.301\Microsoft.VisualStudio.TestPlatform.Fakes.exe', returning.
TpTrace Information: 0 : 12516, 1, 2021/07/19, 01:04:43.049, 2110748467279, vstest.console.dll, AssemblyResolver.OnResolve: Microsoft.VisualStudio.TestPlatform.Fakes: Failed to load assembly.
TpTrace Information: 0 : 12516, 1, 2021/07/19, 01:04:43.049, 2110748470255, vstest.console.dll, Failed to create newly implemented Fakes Configurator. Reason:System.IO.FileNotFoundException: Could not load file or assembly 'Microsoft.VisualStudio.TestPlatform.Fakes, Version=16.0.0.0, Culture=neutral, PublicKeyToken=null'. The system cannot find the file specified.
File name: 'Microsoft.VisualStudio.TestPlatform.Fakes, Version=16.0.0.0, Culture=neutral, PublicKeyToken=null'
   at System.Reflection.RuntimeAssembly.InternalLoad(ObjectHandleOnStack assemblyName, ObjectHandleOnStack requestingAssembly, StackCrawlMarkHandle stackMark, Boolean throwOnFileNotFound, ObjectHandleOnStack assemblyLoadContext, ObjectHandleOnStack retAssembly)
   at System.Reflection.RuntimeAssembly.InternalLoad(AssemblyName assemblyName, RuntimeAssembly requestingAssembly, StackCrawlMark& stackMark, Boolean throwOnFileNotFound, AssemblyLoadContext assemblyLoadContext)
   at System.Reflection.Assembly.Load(AssemblyName assemblyRef)
   at Microsoft.VisualStudio.TestPlatform.Common.Utilities.FakesUtilities.TryGetFakesCrossPlatformDataCollectorConfigurator() 
TpTrace Verbose: 0 : 12516, 1, 2021/07/19, 01:04:43.052, 2110748501541, vstest.console.dll, TestPluginCache.DiscoverTestExtensions: finding test extensions in assemblies ends with: TestLogger.dll TPluginInfo: Microsoft.VisualStudio.TestPlatform.Common.ExtensionFramework.Utilities.TestLoggerPluginInformation TExtension: Microsoft.VisualStudio.TestPlatform.ObjectModel.Client.ITestLogger
TpTrace Verbose: 0 : 12516, 1, 2021/07/19, 01:04:43.052, 2110748502364, vstest.console.dll, TestPluginCache.GetExtensionPaths: Filtered extension paths: 
TpTrace Verbose: 0 : 12516, 1, 2021/07/19, 01:04:43.052, 2110748502722, vstest.console.dll, TestPluginCache.GetExtensionPaths: Added default extension paths: C:\Program Files\dotnet\sdk\5.0.301\Extensions\Microsoft.Diagnostics.NETCore.Client.dll
C:\Program Files\dotnet\sdk\5.0.301\Extensions\Microsoft.TestPlatform.Extensions.BlameDataCollector.dll
C:\Program Files\dotnet\sdk\5.0.301\Extensions\Microsoft.TestPlatform.Extensions.EventLogCollector.dll
C:\Program Files\dotnet\sdk\5.0.301\Extensions\Microsoft.TestPlatform.TestHostRuntimeProvider.dll
C:\Program Files\dotnet\sdk\5.0.301\Extensions\Microsoft.VisualStudio.TestPlatform.Extensions.Html.TestLogger.dll
C:\Program Files\dotnet\sdk\5.0.301\Extensions\Microsoft.VisualStudio.TestPlatform.Extensions.Trx.TestLogger.dll
TpTrace Verbose: 0 : 12516, 1, 2021/07/19, 01:04:43.052, 2110748503137, vstest.console.dll, TestPluginCache.GetExtensionPaths: Added unfilterableExtensionPaths: 
TpTrace Information: 0 : 12516, 1, 2021/07/19, 01:04:43.053, 2110748504557, vstest.console.dll, AssemblyResolver.AddSearchDirectories: Adding more searchDirectories C:\Program Files\dotnet\sdk\5.0.301\Extensions,C:\Program Files\dotnet\sdk\5.0.301
TpTrace Verbose: 0 : 12516, 1, 2021/07/19, 01:04:43.053, 2110748505040, vstest.console.dll, TestPluginCache.DiscoverTestExtensions: Discovering the extensions using extension path.
TpTrace Verbose: 0 : 12516, 1, 2021/07/19, 01:04:43.053, 2110748505442, vstest.console.dll, TestPluginCache.GetExtensionPaths: Filtered extension paths: 
TpTrace Verbose: 0 : 12516, 1, 2021/07/19, 01:04:43.053, 2110748505748, vstest.console.dll, TestPluginCache.GetExtensionPaths: Added default extension paths: C:\Program Files\dotnet\sdk\5.0.301\Extensions\Microsoft.Diagnostics.NETCore.Client.dll
C:\Program Files\dotnet\sdk\5.0.301\Extensions\Microsoft.TestPlatform.Extensions.BlameDataCollector.dll
C:\Program Files\dotnet\sdk\5.0.301\Extensions\Microsoft.TestPlatform.Extensions.EventLogCollector.dll
C:\Program Files\dotnet\sdk\5.0.301\Extensions\Microsoft.TestPlatform.TestHostRuntimeProvider.dll
C:\Program Files\dotnet\sdk\5.0.301\Extensions\Microsoft.VisualStudio.TestPlatform.Extensions.Html.TestLogger.dll
C:\Program Files\dotnet\sdk\5.0.301\Extensions\Microsoft.VisualStudio.TestPlatform.Extensions.Trx.TestLogger.dll
TpTrace Verbose: 0 : 12516, 1, 2021/07/19, 01:04:43.053, 2110748506050, vstest.console.dll, TestPluginCache.GetExtensionPaths: Added unfilterableExtensionPaths: 
TpTrace Verbose: 0 : 12516, 1, 2021/07/19, 01:04:43.053, 2110748506407, vstest.console.dll, TestPluginCache.DiscoverTestExtensions: Discovering the extensions using allExtensionPaths: C:\Program Files\dotnet\sdk\5.0.301\Extensions\Microsoft.Diagnostics.NETCore.Client.dll
C:\Program Files\dotnet\sdk\5.0.301\Extensions\Microsoft.TestPlatform.Extensions.BlameDataCollector.dll
C:\Program Files\dotnet\sdk\5.0.301\Extensions\Microsoft.TestPlatform.Extensions.EventLogCollector.dll
C:\Program Files\dotnet\sdk\5.0.301\Extensions\Microsoft.TestPlatform.TestHostRuntimeProvider.dll
C:\Program Files\dotnet\sdk\5.0.301\Extensions\Microsoft.VisualStudio.TestPlatform.Extensions.Html.TestLogger.dll
C:\Program Files\dotnet\sdk\5.0.301\Extensions\Microsoft.VisualStudio.TestPlatform.Extensions.Trx.TestLogger.dll
TpTrace Information: 0 : 12516, 1, 2021/07/19, 01:04:43.053, 2110748506867, vstest.console.dll, AssemblyResolver.AddSearchDirectories: Adding more searchDirectories C:\Program Files\dotnet\sdk\5.0.301\Extensions,C:\Program Files\dotnet\sdk\5.0.301
TpTrace Information: 0 : 12516, 1, 2021/07/19, 01:04:43.053, 2110748507205, vstest.console.dll, AssemblyResolver.AddSearchDirectories: Adding more searchDirectories C:\Program Files\dotnet\sdk\5.0.301\Extensions,C:\Program Files\dotnet\sdk\5.0.301
TpTrace Information: 0 : 12516, 1, 2021/07/19, 01:04:43.053, 2110748507508, vstest.console.dll, AssemblyResolver.AddSearchDirectories: Adding more searchDirectories C:\Program Files\dotnet\sdk\5.0.301\Extensions,C:\Program Files\dotnet\sdk\5.0.301
TpTrace Information: 0 : 12516, 1, 2021/07/19, 01:04:43.053, 2110748507807, vstest.console.dll, AssemblyResolver.AddSearchDirectories: Adding more searchDirectories C:\Program Files\dotnet\sdk\5.0.301\Extensions,C:\Program Files\dotnet\sdk\5.0.301
TpTrace Information: 0 : 12516, 1, 2021/07/19, 01:04:43.053, 2110748508160, vstest.console.dll, AssemblyResolver.AddSearchDirectories: Adding more searchDirectories C:\Program Files\dotnet\sdk\5.0.301\Extensions,C:\Program Files\dotnet\sdk\5.0.301
TpTrace Information: 0 : 12516, 1, 2021/07/19, 01:04:43.053, 2110748508461, vstest.console.dll, AssemblyResolver.AddSearchDirectories: Adding more searchDirectories C:\Program Files\dotnet\sdk\5.0.301\Extensions,C:\Program Files\dotnet\sdk\5.0.301
TpTrace Information: 0 : 12516, 1, 2021/07/19, 01:04:43.053, 2110748510654, vstest.console.dll, AssemblyResolver.OnResolve: Microsoft.Bcl.AsyncInterfaces: Resolving assembly.
TpTrace Information: 0 : 12516, 1, 2021/07/19, 01:04:43.053, 2110748511140, vstest.console.dll, AssemblyResolver.OnResolve: Microsoft.Bcl.AsyncInterfaces: Resolved from cache.
TpTrace Verbose: 0 : 12516, 1, 2021/07/19, 01:04:43.053, 2110748511471, vstest.console.dll, CurrentDomainAssemblyResolve: Resolving assembly 'Microsoft.Bcl.AsyncInterfaces'.
TpTrace Information: 0 : 12516, 1, 2021/07/19, 01:04:43.053, 2110748512006, vstest.console.dll, AssemblyResolver.OnResolve: Microsoft.Bcl.AsyncInterfaces: Resolving assembly.
TpTrace Information: 0 : 12516, 1, 2021/07/19, 01:04:43.053, 2110748512343, vstest.console.dll, AssemblyResolver.OnResolve: Microsoft.Bcl.AsyncInterfaces: Resolved from cache.
TpTrace Verbose: 0 : 12516, 1, 2021/07/19, 01:04:43.053, 2110748512648, vstest.console.dll, CurrentDomainAssemblyResolve: Resolving assembly 'Microsoft.Bcl.AsyncInterfaces'.
TpTrace Verbose: 0 : 12516, 1, 2021/07/19, 01:04:43.053, 2110748512952, vstest.console.dll, CurrentDomainAssemblyResolve: Failed to resolve assembly 'Microsoft.Bcl.AsyncInterfaces'.
TpTrace Verbose: 0 : 12516, 1, 2021/07/19, 01:04:43.054, 2110748514337, vstest.console.dll, CurrentDomainAssemblyResolve: Failed to resolve assembly 'Microsoft.Bcl.AsyncInterfaces'.
TpTrace Warning: 0 : 12516, 1, 2021/07/19, 01:04:43.054, 2110748516696, vstest.console.dll, TestPluginDiscoverer: Failed to get types from assembly 'Microsoft.Diagnostics.NETCore.Client, Version=0.2.2.41902, Culture=neutral, PublicKeyToken=31bf3856ad364e35'.  Skipping test extension scan for this assembly.  Error: System.Reflection.ReflectionTypeLoadException: Unable to load one or more of the requested types.
Could not load file or assembly 'Microsoft.Bcl.AsyncInterfaces, Version=1.0.0.0, Culture=neutral, PublicKeyToken=cc7b13ffcd2ddd51'. The system cannot find the file specified.
   at System.Reflection.RuntimeModule.GetTypes(RuntimeModule module)
   at System.Reflection.RuntimeModule.GetTypes()
   at System.Reflection.Assembly.GetTypes()
   at Microsoft.VisualStudio.TestPlatform.Common.ExtensionFramework.TestPluginDiscoverer.GetTestExtensionsFromAssembly[TPluginInfo,TExtension](Assembly assembly, Dictionary`2 pluginInfos)
System.IO.FileNotFoundException: Could not load file or assembly 'Microsoft.Bcl.AsyncInterfaces, Version=1.0.0.0, Culture=neutral, PublicKeyToken=cc7b13ffcd2ddd51'. The system cannot find the file specified.
File name: 'Microsoft.Bcl.AsyncInterfaces, Version=1.0.0.0, Culture=neutral, PublicKeyToken=cc7b13ffcd2ddd51'
TpTrace Warning: 0 : 12516, 1, 2021/07/19, 01:04:43.054, 2110748517196, vstest.console.dll, LoaderExceptions: System.IO.FileNotFoundException: Could not load file or assembly 'Microsoft.Bcl.AsyncInterfaces, Version=1.0.0.0, Culture=neutral, PublicKeyToken=cc7b13ffcd2ddd51'. The system cannot find the file specified.
File name: 'Microsoft.Bcl.AsyncInterfaces, Version=1.0.0.0, Culture=neutral, PublicKeyToken=cc7b13ffcd2ddd51'
TpTrace Verbose: 0 : 12516, 1, 2021/07/19, 01:04:43.054, 2110748520420, vstest.console.dll, TestPluginCache: Discovered the extensions using extension path ''.
TpTrace Verbose: 0 : 12516, 1, 2021/07/19, 01:04:43.054, 2110748520821, vstest.console.dll, TestPluginCache: Discoverers are ''.
TpTrace Verbose: 0 : 12516, 1, 2021/07/19, 01:04:43.054, 2110748521095, vstest.console.dll, TestPluginCache: Executors are ''.
TpTrace Verbose: 0 : 12516, 1, 2021/07/19, 01:04:43.054, 2110748521412, vstest.console.dll, TestPluginCache: Executors2 are ''.
TpTrace Verbose: 0 : 12516, 1, 2021/07/19, 01:04:43.054, 2110748521668, vstest.console.dll, TestPluginCache: Setting providers are ''.
TpTrace Verbose: 0 : 12516, 1, 2021/07/19, 01:04:43.054, 2110748522273, vstest.console.dll, TestPluginCache: Loggers are 'logger://Microsoft/TestPlatform/Extensions/Blame/v1,logger://Microsoft/TestPlatform/HtmlLogger/v1,logger://Microsoft/TestPlatform/TrxLogger/v1'.
TpTrace Information: 0 : 12516, 1, 2021/07/19, 01:04:43.055, 2110748529044, vstest.console.dll, TestPluginManager.CreateTestExtension: Attempting to load test extension: Microsoft.TestPlatform.Extensions.BlameDataCollector.BlameLogger
TpTrace Information: 0 : 12516, 1, 2021/07/19, 01:04:43.062, 2110748602161, vstest.console.dll, TestPluginManager.CreateTestExtension: Attempting to load test extension: Microsoft.VisualStudio.TestPlatform.CrossPlatEngine.Hosting.DefaultTestHostManager
TpTrace Information: 0 : 12516, 1, 2021/07/19, 01:04:43.063, 2110748604852, vstest.console.dll, TestPluginManager.CreateTestExtension: Attempting to load test extension: Microsoft.VisualStudio.TestPlatform.CrossPlatEngine.Hosting.DotnetTestHostManager
TpTrace Verbose: 0 : 12516, 1, 2021/07/19, 01:04:43.063, 2110748610023, vstest.console.dll, TestEngine: Initializing Parallel Execution as MaxCpuCount is set to: 1
TpTrace Information: 0 : 12516, 1, 2021/07/19, 01:04:43.064, 2110748614316, vstest.console.dll, InferRunSettingsHelper.IsTestSettingsEnabled: Unable to navigate to RunSettings/MSTest. Current node: RunSettings
TpTrace Verbose: 0 : 12516, 1, 2021/07/19, 01:04:43.075, 2110748726226, vstest.console.dll, TestRequestSender is acting as server
TpTrace Verbose: 0 : 12516, 4, 2021/07/19, 01:04:43.078, 2110748754504, vstest.console.dll, DataCollectionRequestSender.InitializeCommunication : Initialize communication. 
TpTrace Information: 0 : 12516, 4, 2021/07/19, 01:04:43.088, 2110748855220, vstest.console.dll, Listening on Endpoint : 127.0.0.1:59741
TpTrace Verbose: 0 : 12516, 4, 2021/07/19, 01:04:43.097, 2110748951200, vstest.console.dll, DotnetDataCollectionLauncher: Full path of dotnet.exe is C:\Program Files\dotnet\dotnet.exe
TpTrace Verbose: 0 : 12516, 4, 2021/07/19, 01:04:43.097, 2110748952746, vstest.console.dll, DotnetDataCollectionLauncher: Adding  --runtimeconfig "C:\Program Files\dotnet\sdk\5.0.301\datacollector.runtimeconfig.json" in args
TpTrace Verbose: 0 : 12516, 4, 2021/07/19, 01:04:43.097, 2110748953558, vstest.console.dll, DotnetDataCollectionLauncher: Adding  --depsfile "C:\Program Files\dotnet\sdk\5.0.301\datacollector.deps.json" in args
TpTrace Information: 0 : 12516, 4, 2021/07/19, 01:04:43.105, 2110749026475, vstest.console.dll, ProxyDataCollectionManager.Initialize: Launched datacollector processId: 26540 port: 59741
TpTrace Information: 0 : 12516, 4, 2021/07/19, 01:04:43.105, 2110749027839, vstest.console.dll, ProxyDataCollectionManager.Initialize: waiting for connection with timeout: 90 seconds
TpTrace Verbose: 0 : 12516, 4, 2021/07/19, 01:04:43.105, 2110749028443, vstest.console.dll, DataCollectionRequestSender.WaitForRequestHandlerConnection : Waiting for connection with timeout: 90000
TpTrace Information: 0 : 12516, 7, 2021/07/19, 01:04:43.251, 2110750484202, vstest.console.dll, Using the buffer size of 16384 bytes
TpTrace Information: 0 : 12516, 7, 2021/07/19, 01:04:43.251, 2110750485161, vstest.console.dll, Accepted Client request and set the flag
TpTrace Verbose: 0 : 12516, 4, 2021/07/19, 01:04:43.251, 2110750484716, vstest.console.dll, ProxyDataCollectionManager.InvokeDataCollectionServiceAction: Starting.
TpTrace Information: 0 : 12516, 4, 2021/07/19, 01:04:43.251, 2110750486479, vstest.console.dll, ProxyDataCollectionManager.BeforeTestRunStart: Get environment variable and port for datacollector processId: 26540 port: 59741
TpTrace Verbose: 0 : 12516, 4, 2021/07/19, 01:04:43.251, 2110750487458, vstest.console.dll, DataCollectionRequestSender.SendBeforeTestRunStartAndGetResult : Send BeforeTestRunStart message with settingsXml <RunSettings><RunConfiguration><ResultsDirectory>C:\Users\Dell\Downloads\InternationalPatient\TreatmentOffering\TreatmentOfferingTesting\bin\Debug\netcoreapp3.1\fine-code-coverage\coverage-tool-output</ResultsDirectory><TargetPlatform>X64</TargetPlatform><TargetFrameworkVersion>.NETCoreApp,Version=v3.1</TargetFrameworkVersion><DesignMode>False</DesignMode><CollectSourceInformation>False</CollectSourceInformation><TestAdaptersPaths>C:\Program Files\dotnet\sdk\5.0.301\Extensions</TestAdaptersPaths></RunConfiguration><LoggerRunSettings><Loggers><Logger friendlyName="blame" enabled="True" /><Logger friendlyName="Console" uri="logger://microsoft/TestPlatform/ConsoleLogger/v1" assemblyQualifiedName="Microsoft.VisualStudio.TestPlatform.CommandLine.Internal.ConsoleLogger, vstest.console, Version=15.0.0.0, Culture=neutral, PublicKeyToken=b03f5f7f11d50a3a" codeBase="C:\Program Files\dotnet\sdk\5.0.301\vstest.console.dll" enabled="True" /></Loggers></LoggerRunSettings><DataCollectionRunSettings><DataCollectors><DataCollector friendlyName="blame" enabled="True"><Configuration><ResultsDirectory>C:\Users\Dell\Downloads\InternationalPatient\TreatmentOffering\TreatmentOfferingTesting\bin\Debug\netcoreapp3.1\fine-code-coverage\coverage-tool-output</ResultsDirectory></Configuration></DataCollector></DataCollectors></DataCollectionRunSettings></RunSettings> and sources System.Linq.Enumerable+Concat2Iterator`1[System.String]: 
TpTrace Verbose: 0 : 12516, 4, 2021/07/19, 01:04:43.311, 2110751084837, vstest.console.dll, DataCollectionRequestSender.SendBeforeTestRunStartAndGetResult : Received message: (DataCollection.SendMessage) -> {
  "FriendlyName": null,
  "Uri": null,
  "TestCaseId": "00000000-0000-0000-0000-000000000000",
  "Message": "Logging DataCollector Diagnostics in file: C:\\Users\\Dell\\Downloads\\InternationalPatient\\TreatmentOffering\\TreatmentOfferingTesting\\bin\\Debug\\netcoreapp3.1\\fine-code-coverage\\coverage-tool-output\\diagnostics.datacollector.21-07-19_01-04-43_09352_4.log",
  "Level": 0
}
TpTrace Verbose: 0 : 12516, 4, 2021/07/19, 01:04:43.369, 2110751672382, vstest.console.dll, DataCollectionRequestSender.SendBeforeTestRunStartAndGetResult : Received message: (DataCollection.BeforeTestRunStartResult) -> {
  "EnvironmentVariables": {},
  "DataCollectionEventsPort": 59743
}
TpTrace Information: 0 : 12516, 4, 2021/07/19, 01:04:43.373, 2110751705804, vstest.console.dll, ProxyDataCollectionManager.BeforeTestRunStart: SendBeforeTestRunStartAndGetResult successful, env variable from datacollector:   and testhost port: 59743
TpTrace Information: 0 : 12516, 4, 2021/07/19, 01:04:43.373, 2110751706971, vstest.console.dll, ProxyDataCollectionManager.InvokeDataCollectionServiceAction: Completed.
TpTrace Verbose: 0 : 12516, 1, 2021/07/19, 01:04:43.373, 2110751708883, vstest.console.dll, TestRunRequest.ExecuteAsync: Creating test run request.
TpTrace Verbose: 0 : 12516, 1, 2021/07/19, 01:04:43.373, 2110751712250, vstest.console.dll, TestRunRequest.ExecuteAsync: Starting.
TpTrace Information: 0 : 12516, 1, 2021/07/19, 01:04:43.374, 2110751714967, vstest.console.dll, TestRunRequest.ExecuteAsync: Starting run with settings:TestRunCriteria:
   KeepAlive=False,FrequencyOfRunStatsChangeEvent=10,RunStatsChangeEventTimeout=00:00:01.5000000,TestCaseFilter=,TestExecutorLauncher=
   Settingsxml=<RunSettings>
  <RunConfiguration>
    <ResultsDirectory>C:\Users\Dell\Downloads\InternationalPatient\TreatmentOffering\TreatmentOfferingTesting\bin\Debug\netcoreapp3.1\fine-code-coverage\coverage-tool-output</ResultsDirectory>
    <TargetPlatform>X64</TargetPlatform>
    <TargetFrameworkVersion>.NETCoreApp,Version=v3.1</TargetFrameworkVersion>
    <DesignMode>False</DesignMode>
    <CollectSourceInformation>False</CollectSourceInformation>
  </RunConfiguration>
  <LoggerRunSettings>
    <Loggers>
      <Logger friendlyName="blame" enabled="True" />
      <Logger friendlyName="Console" uri="logger://microsoft/TestPlatform/ConsoleLogger/v1" assemblyQualifiedName="Microsoft.VisualStudio.TestPlatform.CommandLine.Internal.ConsoleLogger, vstest.console, Version=15.0.0.0, Culture=neutral, PublicKeyToken=b03f5f7f11d50a3a" codeBase="C:\Program Files\dotnet\sdk\5.0.301\vstest.console.dll" enabled="True" />
    </Loggers>
  </LoggerRunSettings>
  <DataCollectionRunSettings>
    <DataCollectors>
      <DataCollector friendlyName="blame" enabled="True">
        <Configuration>
          <ResultsDirectory>C:\Users\Dell\Downloads\InternationalPatient\TreatmentOffering\TreatmentOfferingTesting\bin\Debug\netcoreapp3.1\fine-code-coverage\coverage-tool-output</ResultsDirectory>
        </Configuration>
      </DataCollector>
    </DataCollectors>
  </DataCollectionRunSettings>
</RunSettings>

TpTrace Verbose: 0 : 12516, 1, 2021/07/19, 01:04:43.374, 2110751715445, vstest.console.dll, TestRunRequest.ExecuteAsync: Wait for the first run request is over.
TpTrace Verbose: 0 : 12516, 1, 2021/07/19, 01:04:43.374, 2110751719149, vstest.console.dll, ParallelProxyExecutionManager: Start execution. Total sources: 1
TpTrace Information: 0 : 12516, 1, 2021/07/19, 01:04:43.375, 2110751725480, vstest.console.dll, ProxyParallelExecutionManager: Triggering test run for next source: C:\Users\Dell\Downloads\InternationalPatient\TreatmentOffering\TreatmentOfferingTesting\bin\Debug\netcoreapp3.1\fine-code-coverage\build-output\TreatmentOfferingTesting.dll
TpTrace Verbose: 0 : 12516, 1, 2021/07/19, 01:04:43.375, 2110751727322, vstest.console.dll, ProxyParallelExecutionManager: No sources available for execution.
TpTrace Information: 0 : 12516, 1, 2021/07/19, 01:04:43.375, 2110751727817, vstest.console.dll, TestRunRequest.ExecuteAsync: Started.
TpTrace Verbose: 0 : 12516, 4, 2021/07/19, 01:04:43.375, 2110751727323, vstest.console.dll, ParallelProxyExecutionManager: Execution started. Started clients: 1
TpTrace Verbose: 0 : 12516, 1, 2021/07/19, 01:04:43.375, 2110751728500, vstest.console.dll, TestRunRequest.WaitForCompletion: Waiting with timeout -1.
TpTrace Verbose: 0 : 12516, 4, 2021/07/19, 01:04:43.375, 2110751730629, vstest.console.dll, TestRunRequest:SendTestRunMessage: Starting.
TpTrace Information: 0 : 12516, 4, 2021/07/19, 01:04:43.375, 2110751731686, vstest.console.dll, TestRunRequest:SendTestRunMessage: Completed.
TpTrace Verbose: 0 : 12516, 4, 2021/07/19, 01:04:43.375, 2110751733351, vstest.console.dll, ProxyExecutionManager: Test host is always Lazy initialize.
TpTrace Verbose: 0 : 12516, 4, 2021/07/19, 01:04:43.376, 2110751735537, vstest.console.dll, TestRequestSender.InitializeCommunication: initialize communication. 
TpTrace Information: 0 : 12516, 4, 2021/07/19, 01:04:43.376, 2110751739944, vstest.console.dll, SocketServer.Start: Listening on endpoint : 127.0.0.1:59744
TpTrace Verbose: 0 : 12516, 4, 2021/07/19, 01:04:43.377, 2110751746730, vstest.console.dll, DotnetTestHostmanager: Adding  --runtimeconfig "C:\Users\Dell\Downloads\InternationalPatient\TreatmentOffering\TreatmentOfferingTesting\bin\Debug\netcoreapp3.1\fine-code-coverage\build-output\TreatmentOfferingTesting.runtimeconfig.json" in args
TpTrace Verbose: 0 : 12516, 4, 2021/07/19, 01:04:43.377, 2110751748264, vstest.console.dll, DotnetTestHostmanager: Adding  --depsfile "C:\Users\Dell\Downloads\InternationalPatient\TreatmentOffering\TreatmentOfferingTesting\bin\Debug\netcoreapp3.1\fine-code-coverage\build-output\TreatmentOfferingTesting.deps.json" in args
TpTrace Information: 0 : 12516, 4, 2021/07/19, 01:04:43.377, 2110751750710, vstest.console.dll, AssemblyResolver.OnResolve: Microsoft.Extensions.DependencyModel: Resolving assembly.
TpTrace Information: 0 : 12516, 4, 2021/07/19, 01:04:43.377, 2110751751288, vstest.console.dll, AssemblyResolver.OnResolve: Microsoft.Extensions.DependencyModel: Searching in: 'C:\Program Files\dotnet\sdk\5.0.301\Extensions'.
TpTrace Information: 0 : 12516, 4, 2021/07/19, 01:04:43.377, 2110751751996, vstest.console.dll, AssemblyResolver.OnResolve: Microsoft.Extensions.DependencyModel: Assembly path does not exist: 'C:\Program Files\dotnet\sdk\5.0.301\Extensions\Microsoft.Extensions.DependencyModel.dll', returning.
TpTrace Information: 0 : 12516, 4, 2021/07/19, 01:04:43.377, 2110751752712, vstest.console.dll, AssemblyResolver.OnResolve: Microsoft.Extensions.DependencyModel: Assembly path does not exist: 'C:\Program Files\dotnet\sdk\5.0.301\Extensions\Microsoft.Extensions.DependencyModel.exe', returning.
TpTrace Information: 0 : 12516, 4, 2021/07/19, 01:04:43.377, 2110751753024, vstest.console.dll, AssemblyResolver.OnResolve: Microsoft.Extensions.DependencyModel: Searching in: 'C:\Program Files\dotnet\sdk\5.0.301'.
TpTrace Information: 0 : 12516, 4, 2021/07/19, 01:04:43.380, 2110751781325, vstest.console.dll, AssemblyResolver.OnResolve: Microsoft.Extensions.DependencyModel: Loading assembly 'C:\Program Files\dotnet\sdk\5.0.301\Microsoft.Extensions.DependencyModel.dll'.
TpTrace Information: 0 : 12516, 4, 2021/07/19, 01:04:43.381, 2110751789493, vstest.console.dll, AssemblyResolver.OnResolve: Resolved assembly: Microsoft.Extensions.DependencyModel, from path: C:\Program Files\dotnet\sdk\5.0.301\Microsoft.Extensions.DependencyModel.dll
TpTrace Verbose: 0 : 12516, 4, 2021/07/19, 01:04:43.382, 2110751795388, vstest.console.dll, DotnetTestHostmanager: Reading file C:\Users\Dell\Downloads\InternationalPatient\TreatmentOffering\TreatmentOfferingTesting\bin\Debug\netcoreapp3.1\fine-code-coverage\build-output\TreatmentOfferingTesting.deps.json to get path of testhost.dll
TpTrace Verbose: 0 : 12516, 4, 2021/07/19, 01:04:43.534, 2110753315686, vstest.console.dll, DotnetTestHostmanager: Relative path of testhost.dll with respect to package folder is microsoft.testplatform.testhost/16.5.0\lib/netcoreapp2.1/testhost.dll
TpTrace Verbose: 0 : 12516, 4, 2021/07/19, 01:04:43.535, 2110753325951, vstest.console.dll, DotnetTestHostmanager: Looking for path microsoft.testplatform.testhost/16.5.0\lib/netcoreapp2.1/testhost.dll in folder C:\Users\Dell\.dotnet\store\|arch|\|tfm|
TpTrace Verbose: 0 : 12516, 4, 2021/07/19, 01:04:43.535, 2110753327855, vstest.console.dll, DotnetTestHostmanager: Looking for path microsoft.testplatform.testhost/16.5.0\lib/netcoreapp2.1/testhost.dll in folder C:\Users\Dell\.nuget\packages
TpTrace Verbose: 0 : 12516, 4, 2021/07/19, 01:04:43.535, 2110753331676, vstest.console.dll, DotnetTestHostManager: Testhost.exe/testhost.x86.exe found at path: C:\Users\Dell\.nuget\packages\microsoft.testplatform.testhost\16.5.0\build\netcoreapp2.1\x64\testhost.exe
TpTrace Verbose: 0 : 12516, 4, 2021/07/19, 01:04:43.535, 2110753332563, vstest.console.dll, DotnetTestHostmanager: Full path of host exe is C:\Users\Dell\.nuget\packages\microsoft.testplatform.testhost\16.5.0\build\netcoreapp2.1\x64\testhost.exe
TpTrace Verbose: 0 : 12516, 6, 2021/07/19, 01:04:43.537, 2110753348015, vstest.console.dll, DotnetTestHostManager: Starting process 'C:\Users\Dell\.nuget\packages\microsoft.testplatform.testhost\16.5.0\build\netcoreapp2.1\x64\testhost.exe' with command line ' --runtimeconfig "C:\Users\Dell\Downloads\InternationalPatient\TreatmentOffering\TreatmentOfferingTesting\bin\Debug\netcoreapp3.1\fine-code-coverage\build-output\TreatmentOfferingTesting.runtimeconfig.json" --depsfile "C:\Users\Dell\Downloads\InternationalPatient\TreatmentOffering\TreatmentOfferingTesting\bin\Debug\netcoreapp3.1\fine-code-coverage\build-output\TreatmentOfferingTesting.deps.json" --port 59744 --endpoint 127.0.0.1:059744 --role client --parentprocessid 12516 --diag "C:\Users\Dell\Downloads\InternationalPatient\TreatmentOffering\TreatmentOfferingTesting\bin\Debug\netcoreapp3.1\fine-code-coverage\coverage-tool-output\diagnostics.host.21-07-19_01-04-43_37688_4.log" --tracelevel 4 --datacollectionport 59743 --telemetryoptedin false'
TpTrace Verbose: 0 : 12516, 6, 2021/07/19, 01:04:43.544, 2110753423707, vstest.console.dll, Test Runtime launched
TpTrace Verbose: 0 : 12516, 4, 2021/07/19, 01:04:43.546, 2110753436655, vstest.console.dll, TestRequestSender.WaitForRequestHandlerConnection: waiting for connection with timeout: 90000
TpTrace Verbose: 0 : 12516, 6, 2021/07/19, 01:04:44.127, 2110759249131, vstest.console.dll, SocketServer.OnClientConnected: Client connected for endPoint: 127.0.0.1:59744, starting MessageLoopAsync:
TpTrace Verbose: 0 : 12516, 14, 2021/07/19, 01:04:44.127, 2110759251376, vstest.console.dll, TcpClientExtensions.MessageLoopAsync: Polling on remoteEndPoint: 127.0.0.1:59745 localEndPoint: 127.0.0.1:59744
TpTrace Verbose: 0 : 12516, 14, 2021/07/19, 01:04:44.386, 2110761840458, vstest.console.dll, TcpClientExtensions.MessageLoopAsync: NotifyDataAvailable remoteEndPoint: 127.0.0.1:59745 localEndPoint: 127.0.0.1:59744
TpTrace Verbose: 0 : 12516, 14, 2021/07/19, 01:04:44.387, 2110761844233, vstest.console.dll, TestRequestSender.CheckVersionWithTestHost: onMessageReceived received message: (ProtocolVersion) -> 2
TpTrace Verbose: 0 : 12516, 14, 2021/07/19, 01:04:44.387, 2110761848027, vstest.console.dll, TcpClientExtensions.MessageLoopAsync: Polling on remoteEndPoint: 127.0.0.1:59745 localEndPoint: 127.0.0.1:59744
TpTrace Verbose: 0 : 12516, 4, 2021/07/19, 01:04:44.387, 2110761849183, vstest.console.dll, TestPluginCache.GetExtensionPaths: Filtered extension paths: 
TpTrace Verbose: 0 : 12516, 4, 2021/07/19, 01:04:44.387, 2110761849860, vstest.console.dll, TestPluginCache.GetExtensionPaths: Added default extension paths: C:\Program Files\dotnet\sdk\5.0.301\Extensions\Microsoft.Diagnostics.NETCore.Client.dll
C:\Program Files\dotnet\sdk\5.0.301\Extensions\Microsoft.TestPlatform.Extensions.BlameDataCollector.dll
C:\Program Files\dotnet\sdk\5.0.301\Extensions\Microsoft.TestPlatform.Extensions.EventLogCollector.dll
C:\Program Files\dotnet\sdk\5.0.301\Extensions\Microsoft.TestPlatform.TestHostRuntimeProvider.dll
C:\Program Files\dotnet\sdk\5.0.301\Extensions\Microsoft.VisualStudio.TestPlatform.Extensions.Html.TestLogger.dll
C:\Program Files\dotnet\sdk\5.0.301\Extensions\Microsoft.VisualStudio.TestPlatform.Extensions.Trx.TestLogger.dll
TpTrace Verbose: 0 : 12516, 4, 2021/07/19, 01:04:44.387, 2110761850305, vstest.console.dll, TestPluginCache.GetExtensionPaths: Added unfilterableExtensionPaths: 
TpTrace Verbose: 0 : 12516, 4, 2021/07/19, 01:04:44.390, 2110761880421, vstest.console.dll, TestRequestSender.InitializeExecution: Sending initializing execution with message: {"Version":2,"MessageType":"TestExecution.Initialize","Payload":["C:\\Users\\Dell\\Downloads\\InternationalPatient\\TreatmentOffering\\TreatmentOfferingTesting\\bin\\Debug\\netcoreapp3.1\\fine-code-coverage\\build-output\\NUnit3.TestAdapter.dll"]}
TpTrace Verbose: 0 : 12516, 4, 2021/07/19, 01:04:44.397, 2110761944696, vstest.console.dll, TestRequestSender.StartTestRun: Sending test run with message: {"Version":2,"MessageType":"TestExecution.StartWithSources","Payload":{"AdapterSourceMap":{"_none_":["C:\\Users\\Dell\\Downloads\\InternationalPatient\\TreatmentOffering\\TreatmentOfferingTesting\\bin\\Debug\\netcoreapp3.1\\fine-code-coverage\\build-output\\TreatmentOfferingTesting.dll"]},"RunSettings":"<RunSettings>\r\n  <RunConfiguration>\r\n    <ResultsDirectory>C:\\Users\\Dell\\Downloads\\InternationalPatient\\TreatmentOffering\\TreatmentOfferingTesting\\bin\\Debug\\netcoreapp3.1\\fine-code-coverage\\coverage-tool-output</ResultsDirectory>\r\n    <TargetPlatform>X64</TargetPlatform>\r\n    <TargetFrameworkVersion>.NETCoreApp,Version=v3.1</TargetFrameworkVersion>\r\n    <DesignMode>False</DesignMode>\r\n    <CollectSourceInformation>False</CollectSourceInformation>\r\n  </RunConfiguration>\r\n  <LoggerRunSettings>\r\n    <Loggers>\r\n      <Logger friendlyName=\"blame\" enabled=\"True\" />\r\n      <Logger friendlyName=\"Console\" uri=\"logger://microsoft/TestPlatform/ConsoleLogger/v1\" assemblyQualifiedName=\"Microsoft.VisualStudio.TestPlatform.CommandLine.Internal.ConsoleLogger, vstest.console, Version=15.0.0.0, Culture=neutral, PublicKeyToken=b03f5f7f11d50a3a\" codeBase=\"C:\\Program Files\\dotnet\\sdk\\5.0.301\\vstest.console.dll\" enabled=\"True\" />\r\n    </Loggers>\r\n  </LoggerRunSettings>\r\n  <DataCollectionRunSettings>\r\n    <DataCollectors>\r\n      <DataCollector friendlyName=\"blame\" enabled=\"True\">\r\n        <Configuration>\r\n          <ResultsDirectory>C:\\Users\\Dell\\Downloads\\InternationalPatient\\TreatmentOffering\\TreatmentOfferingTesting\\bin\\Debug\\netcoreapp3.1\\fine-code-coverage\\coverage-tool-output</ResultsDirectory>\r\n        </Configuration>\r\n      </DataCollector>\r\n    </DataCollectors>\r\n  </DataCollectionRunSettings>\r\n</RunSettings>","TestExecutionContext":{"FrequencyOfRunStatsChangeEvent":10,"RunStatsChangeEventTimeout":"00:00:01.5000000","InIsolation":false,"KeepAlive":false,"AreTestCaseLevelEventsRequired":false,"IsDebug":false,"TestCaseFilter":null,"FilterOptions":null},"Package":null}}
TpTrace Verbose: 0 : 12516, 14, 2021/07/19, 01:04:44.398, 2110761963194, vstest.console.dll, TcpClientExtensions.MessageLoopAsync: NotifyDataAvailable remoteEndPoint: 127.0.0.1:59745 localEndPoint: 127.0.0.1:59744
TpTrace Verbose: 0 : 12516, 14, 2021/07/19, 01:04:44.399, 2110761964790, vstest.console.dll, TestRequestSender.OnExecutionMessageReceived: Received message: {"Version":2,"MessageType":"TestSession.Message","Payload":{"MessageLevel":0,"Message":"Logging TestHost Diagnostics in file: C:\\Users\\Dell\\Downloads\\InternationalPatient\\TreatmentOffering\\TreatmentOfferingTesting\\bin\\Debug\\netcoreapp3.1\\fine-code-coverage\\coverage-tool-output\\diagnostics.host.21-07-19_01-04-43_37688_4.log"}}
TpTrace Verbose: 0 : 12516, 14, 2021/07/19, 01:04:44.400, 2110761982571, vstest.console.dll, TestRunRequest:SendTestRunMessage: Starting.
TpTrace Information: 0 : 12516, 14, 2021/07/19, 01:04:44.401, 2110761983845, vstest.console.dll, TestRunRequest:SendTestRunMessage: Completed.
TpTrace Verbose: 0 : 12516, 14, 2021/07/19, 01:04:44.401, 2110761984246, vstest.console.dll, TcpClientExtensions.MessageLoopAsync: Polling on remoteEndPoint: 127.0.0.1:59745 localEndPoint: 127.0.0.1:59744
TpTrace Verbose: 0 : 12516, 14, 2021/07/19, 01:04:44.608, 2110764053882, vstest.console.dll, TcpClientExtensions.MessageLoopAsync: NotifyDataAvailable remoteEndPoint: 127.0.0.1:59745 localEndPoint: 127.0.0.1:59744
TpTrace Verbose: 0 : 12516, 14, 2021/07/19, 01:04:44.608, 2110764055107, vstest.console.dll, TestRequestSender.OnExecutionMessageReceived: Received message: {"Version":2,"MessageType":"TestSession.Message","Payload":{"MessageLevel":0,"Message":"NUnit Adapter 4.0.0.0: Test execution started"}}
TpTrace Verbose: 0 : 12516, 14, 2021/07/19, 01:04:44.608, 2110764057311, vstest.console.dll, TestRunRequest:SendTestRunMessage: Starting.
TpTrace Information: 0 : 12516, 14, 2021/07/19, 01:04:44.608, 2110764058084, vstest.console.dll, TestRunRequest:SendTestRunMessage: Completed.
TpTrace Verbose: 0 : 12516, 14, 2021/07/19, 01:04:44.608, 2110764058423, vstest.console.dll, TcpClientExtensions.MessageLoopAsync: Polling on remoteEndPoint: 127.0.0.1:59745 localEndPoint: 127.0.0.1:59744
TpTrace Verbose: 0 : 12516, 14, 2021/07/19, 01:04:44.635, 2110764333147, vstest.console.dll, TcpClientExtensions.MessageLoopAsync: NotifyDataAvailable remoteEndPoint: 127.0.0.1:59745 localEndPoint: 127.0.0.1:59744
TpTrace Verbose: 0 : 12516, 14, 2021/07/19, 01:04:44.636, 2110764334298, vstest.console.dll, TestRequestSender.OnExecutionMessageReceived: Received message: {"Version":2,"MessageType":"TestSession.Message","Payload":{"MessageLevel":0,"Message":"Running all tests in C:\\Users\\Dell\\Downloads\\InternationalPatient\\TreatmentOffering\\TreatmentOfferingTesting\\bin\\Debug\\netcoreapp3.1\\fine-code-coverage\\build-output\\TreatmentOfferingTesting.dll"}}
TpTrace Verbose: 0 : 12516, 14, 2021/07/19, 01:04:44.636, 2110764335943, vstest.console.dll, TestRunRequest:SendTestRunMessage: Starting.
TpTrace Information: 0 : 12516, 14, 2021/07/19, 01:04:44.636, 2110764336502, vstest.console.dll, TestRunRequest:SendTestRunMessage: Completed.
TpTrace Verbose: 0 : 12516, 14, 2021/07/19, 01:04:44.636, 2110764336814, vstest.console.dll, TcpClientExtensions.MessageLoopAsync: Polling on remoteEndPoint: 127.0.0.1:59745 localEndPoint: 127.0.0.1:59744
TpTrace Verbose: 0 : 12516, 14, 2021/07/19, 01:04:44.787, 2110765847295, vstest.console.dll, TcpClientExtensions.MessageLoopAsync: NotifyDataAvailable remoteEndPoint: 127.0.0.1:59745 localEndPoint: 127.0.0.1:59744
TpTrace Verbose: 0 : 12516, 14, 2021/07/19, 01:04:44.787, 2110765848424, vstest.console.dll, TestRequestSender.OnExecutionMessageReceived: Received message: {"Version":2,"MessageType":"TestSession.Message","Payload":{"MessageLevel":0,"Message":"   NUnit3TestExecutor discovered 14 of 14 NUnit test cases using Current Discovery mode, Non-Explicit run"}}
TpTrace Verbose: 0 : 12516, 14, 2021/07/19, 01:04:44.787, 2110765850169, vstest.console.dll, TestRunRequest:SendTestRunMessage: Starting.
TpTrace Information: 0 : 12516, 14, 2021/07/19, 01:04:44.787, 2110765850706, vstest.console.dll, TestRunRequest:SendTestRunMessage: Completed.
TpTrace Verbose: 0 : 12516, 14, 2021/07/19, 01:04:44.787, 2110765851058, vstest.console.dll, TcpClientExtensions.MessageLoopAsync: Polling on remoteEndPoint: 127.0.0.1:59745 localEndPoint: 127.0.0.1:59744
TpTrace Verbose: 0 : 12516, 14, 2021/07/19, 01:04:45.794, 2110775916533, vstest.console.dll, TcpClientExtensions.MessageLoopAsync: Polling on remoteEndPoint: 127.0.0.1:59745 localEndPoint: 127.0.0.1:59744
TpTrace Verbose: 0 : 12516, 14, 2021/07/19, 01:04:46.043, 2110778411526, vstest.console.dll, TcpClientExtensions.MessageLoopAsync: NotifyDataAvailable remoteEndPoint: 127.0.0.1:59745 localEndPoint: 127.0.0.1:59744
TpTrace Verbose: 0 : 12516, 14, 2021/07/19, 01:04:46.044, 2110778414306, vstest.console.dll, TestRequestSender.OnExecutionMessageReceived: Received message: {"Version":2,"MessageType":"TestExecution.StatsChange","Payload":{"NewTestResults":[],"TestRunStatistics":{"ExecutedTests":0,"Stats":{}},"ActiveTests":[{"Id":"d83b9d45-7ba4-bdea-ff2f-c2c6d93df65f","FullyQualifiedName":"TreatmentOfferingTesting.OfferingInvalidTests.GetPackagesByName_InValidData(\"Package 3\")","DisplayName":"GetPackagesByName_InValidData(\"Package 3\")","ExecutorUri":"executor://NUnit3TestExecutor","Source":"C:\\Users\\Dell\\Downloads\\InternationalPatient\\TreatmentOffering\\TreatmentOfferingTesting\\bin\\Debug\\netcoreapp3.1\\fine-code-coverage\\build-output\\TreatmentOfferingTesting.dll","CodeFilePath":null,"LineNumber":0,"Properties":[{"Key":{"Id":"NUnit.Seed","Label":"Seed","Category":"","Description":"","Attributes":0,"ValueType":"System.String"},"Value":"1849462035"}]}]}}
TpTrace Verbose: 0 : 12516, 14, 2021/07/19, 01:04:46.072, 2110778696577, vstest.console.dll, TestRunRequest:SendTestRunStatsChange: Starting.
TpTrace Verbose: 0 : 12516, 14, 2021/07/19, 01:04:46.072, 2110778698052, vstest.console.dll, InProgress is GetPackagesByName_InValidData("Package 3")
TpTrace Information: 0 : 12516, 14, 2021/07/19, 01:04:46.072, 2110778699001, vstest.console.dll, TestRunRequest:SendTestRunStatsChange: Completed.
TpTrace Verbose: 0 : 12516, 14, 2021/07/19, 01:04:46.072, 2110778699366, vstest.console.dll, TcpClientExtensions.MessageLoopAsync: Polling on remoteEndPoint: 127.0.0.1:59745 localEndPoint: 127.0.0.1:59744
TpTrace Verbose: 0 : 12516, 14, 2021/07/19, 01:04:46.480, 2110782782536, vstest.console.dll, TcpClientExtensions.MessageLoopAsync: NotifyDataAvailable remoteEndPoint: 127.0.0.1:59745 localEndPoint: 127.0.0.1:59744
TpTrace Verbose: 0 : 12516, 14, 2021/07/19, 01:04:46.481, 2110782786794, vstest.console.dll, TestRequestSender.OnExecutionMessageReceived: Received message: {"Version":2,"MessageType":"TestExecution.StatsChange","Payload":{"NewTestResults":[{"TestCase":{"Id":"d83b9d45-7ba4-bdea-ff2f-c2c6d93df65f","FullyQualifiedName":"TreatmentOfferingTesting.OfferingInvalidTests.GetPackagesByName_InValidData(\"Package 3\")","DisplayName":"GetPackagesByName_InValidData(\"Package 3\")","ExecutorUri":"executor://NUnit3TestExecutor","Source":"C:\\Users\\Dell\\Downloads\\InternationalPatient\\TreatmentOffering\\TreatmentOfferingTesting\\bin\\Debug\\netcoreapp3.1\\fine-code-coverage\\build-output\\TreatmentOfferingTesting.dll","CodeFilePath":null,"LineNumber":0,"Properties":[{"Key":{"Id":"NUnit.Seed","Label":"Seed","Category":"","Description":"","Attributes":0,"ValueType":"System.String"},"Value":"1849462035"}]},"Attachments":[],"Outcome":1,"ErrorMessage":null,"ErrorStackTrace":null,"DisplayName":"GetPackagesByName_InValidData(\"Package 3\")","Messages":[],"ComputerName":"DESKTOP-HIF8U95","Duration":"00:00:01.4476929","StartTime":"2021-07-18T19:34:44.8229206+00:00","EndTime":"2021-07-18T19:34:46.2705181+00:00","Properties":[{"Key":{"Id":"NUnit.Seed","Label":"Seed","Category":"","Description":"","Attributes":0,"ValueType":"System.String"},"Value":"1849462035"}]},{"TestCase":{"Id":"f1b83201-9944-b3ca-01f3-da0d4f3d7e5f","FullyQualifiedName":"TreatmentOfferingTesting.OfferingInvalidTests.GetSpecialistDetails_InvalidData","DisplayName":"GetSpecialistDetails_InvalidData","ExecutorUri":"executor://NUnit3TestExecutor","Source":"C:\\Users\\Dell\\Downloads\\InternationalPatient\\TreatmentOffering\\TreatmentOfferingTesting\\bin\\Debug\\netcoreapp3.1\\fine-code-coverage\\build-output\\TreatmentOfferingTesting.dll","CodeFilePath":null,"LineNumber":0,"Properties":[{"Key":{"Id":"NUnit.Seed","Label":"Seed","Category":"","Description":"","Attributes":0,"ValueType":"System.String"},"Value":"1856490182"}]},"Attachments":[],"Outcome":1,"ErrorMessage":null,"ErrorStackTrace":null,"DisplayName":"GetSpecialistDetails_InvalidData","Messages":[],"ComputerName":"DESKTOP-HIF8U95","Duration":"00:00:00.1038710","StartTime":"2021-07-18T19:34:46.2739586+00:00","EndTime":"2021-07-18T19:34:46.3778282+00:00","Properties":[{"Key":{"Id":"NUnit.Seed","Label":"Seed","Category":"","Description":"","Attributes":0,"ValueType":"System.String"},"Value":"1856490182"}]},{"TestCase":{"Id":"0315fb94-cbf6-46d7-c4f5-36aec7b15647","FullyQualifiedName":"TreatmentOfferingTesting.OfferingInvalidTests.GetTreatmentPackages_InValidData","DisplayName":"GetTreatmentPackages_InValidData","ExecutorUri":"executor://NUnit3TestExecutor","Source":"C:\\Users\\Dell\\Downloads\\InternationalPatient\\TreatmentOffering\\TreatmentOfferingTesting\\bin\\Debug\\netcoreapp3.1\\fine-code-coverage\\build-output\\TreatmentOfferingTesting.dll","CodeFilePath":null,"LineNumber":0,"Properties":[{"Key":{"Id":"NUnit.Seed","Label":"Seed","Category":"","Description":"","Attributes":0,"ValueType":"System.String"},"Value":"340932733"}]},"Attachments":[],"Outcome":1,"ErrorMessage":null,"ErrorStackTrace":null,"DisplayName":"GetTreatmentPackages_InValidData","Messages":[],"ComputerName":"DESKTOP-HIF8U95","Duration":"00:00:00.0147080","StartTime":"2021-07-18T19:34:46.3778628+00:00","EndTime":"2021-07-18T19:34:46.3925687+00:00","Properties":[{"Key":{"Id":"NUnit.Seed","Label":"Seed","Category":"","Description":"","Attributes":0,"ValueType":"System.String"},"Value":"340932733"}]},{"TestCase":{"Id":"f2e21872-56a9-1f4f-0d25-ee1daaf238ec","FullyQualifiedName":"TreatmentOfferingTesting.OfferingInvalidTests.IpTreatmentPackages_InvalidData","DisplayName":"IpTreatmentPackages_InvalidData","ExecutorUri":"executor://NUnit3TestExecutor","Source":"C:\\Users\\Dell\\Downloads\\InternationalPatient\\TreatmentOffering\\TreatmentOfferingTesting\\bin\\Debug\\netcoreapp3.1\\fine-code-coverage\\build-output\\TreatmentOfferingTesting.dll","CodeFilePath":null,"LineNumber":0,"Properties":[{"Key":{"Id":"NUnit.Seed","Label":"Seed","Category":"","Description":"","Attributes":0,"ValueType":"System.String"},"Value":"973288317"}]},"Attachments":[],"Outcome":1,"ErrorMessage":null,"ErrorStackTrace":null,"DisplayName":"IpTreatmentPackages_InvalidData","Messages":[],"ComputerName":"DESKTOP-HIF8U95","Duration":"00:00:00.0274340","StartTime":"2021-07-18T19:34:46.3925989+00:00","EndTime":"2021-07-18T19:34:46.4200288+00:00","Properties":[{"Key":{"Id":"NUnit.Seed","Label":"Seed","Category":"","Description":"","Attributes":0,"ValueType":"System.String"},"Value":"973288317"}]},{"TestCase":{"Id":"f7ab21c4-d0d1-b744-2aba-0461c0c0ed4d","FullyQualifiedName":"TreatmentOfferingTesting.OfferingInvalidTests.PackagesByName_InvalidData(\"Package 3\")","DisplayName":"PackagesByName_InvalidData(\"Package 3\")","ExecutorUri":"executor://NUnit3TestExecutor","Source":"C:\\Users\\Dell\\Downloads\\InternationalPatient\\TreatmentOffering\\TreatmentOfferingTesting\\bin\\Debug\\netcoreapp3.1\\fine-code-coverage\\build-output\\TreatmentOfferingTesting.dll","CodeFilePath":null,"LineNumber":0,"Properties":[{"Key":{"Id":"NUnit.Seed","Label":"Seed","Category":"","Description":"","Attributes":0,"ValueType":"System.String"},"Value":"558363657"}]},"Attachments":[],"Outcome":1,"ErrorMessage":null,"ErrorStackTrace":null,"DisplayName":"PackagesByName_InvalidData(\"Package 3\")","Messages":[],"ComputerName":"DESKTOP-HIF8U95","Duration":"00:00:00.0075510","StartTime":"2021-07-18T19:34:46.4201282+00:00","EndTime":"2021-07-18T19:34:46.4276765+00:00","Properties":[{"Key":{"Id":"NUnit.Seed","Label":"Seed","Category":"","Description":"","Attributes":0,"ValueType":"System.String"},"Value":"558363657"}]},{"TestCase":{"Id":"2602a2f2-990d-940a-6592-8d4c3a018b25","FullyQualifiedName":"TreatmentOfferingTesting.OfferingInvalidTests.SpecialistDetail_InvalidData","DisplayName":"SpecialistDetail_InvalidData","ExecutorUri":"executor://NUnit3TestExecutor","Source":"C:\\Users\\Dell\\Downloads\\InternationalPatient\\TreatmentOffering\\TreatmentOfferingTesting\\bin\\Debug\\netcoreapp3.1\\fine-code-coverage\\build-output\\TreatmentOfferingTesting.dll","CodeFilePath":null,"LineNumber":0,"Properties":[{"Key":{"Id":"NUnit.Seed","Label":"Seed","Category":"","Description":"","Attributes":0,"ValueType":"System.String"},"Value":"2031195636"}]},"Attachments":[],"Outcome":1,"ErrorMessage":null,"ErrorStackTrace":null,"DisplayName":"SpecialistDetail_InvalidData","Messages":[],"ComputerName":"DESKTOP-HIF8U95","Duration":"00:00:00.0018530","StartTime":"2021-07-18T19:34:46.4278196+00:00","EndTime":"2021-07-18T19:34:46.4296716+00:00","Properties":[{"Key":{"Id":"NUnit.Seed","Label":"Seed","Category":"","Description":"","Attributes":0,"ValueType":"System.String"},"Value":"2031195636"}]},{"TestCase":{"Id":"4aca5df4-0c87-9185-6420-8613499a976a","FullyQualifiedName":"TreatmentOfferingTesting.OfferingValidTests.GetPackagesByName_ValidData(\"Package 1\")","DisplayName":"GetPackagesByName_ValidData(\"Package 1\")","ExecutorUri":"executor://NUnit3TestExecutor","Source":"C:\\Users\\Dell\\Downloads\\InternationalPatient\\TreatmentOffering\\TreatmentOfferingTesting\\bin\\Debug\\netcoreapp3.1\\fine-code-coverage\\build-output\\TreatmentOfferingTesting.dll","CodeFilePath":null,"LineNumber":0,"Properties":[{"Key":{"Id":"NUnit.Seed","Label":"Seed","Category":"","Description":"","Attributes":0,"ValueType":"System.String"},"Value":"1280125834"}]},"Attachments":[],"Outcome":1,"ErrorMessage":null,"ErrorStackTrace":null,"DisplayName":"GetPackagesByName_ValidData(\"Package 1\")","Messages":[],"ComputerName":"DESKTOP-HIF8U95","Duration":"00:00:00.0044510","StartTime":"2021-07-18T19:34:46.4320798+00:00","EndTime":"2021-07-18T19:34:46.4365291+00:00","Properties":[{"Key":{"Id":"NUnit.Seed","Label":"Seed","Category":"","Description":"","Attributes":0,"ValueType":"System.String"},"Value":"1280125834"}]},{"TestCase":{"Id":"b5df9c16-dcab-c074-df99-2b0a776c089a","FullyQualifiedName":"TreatmentOfferingTesting.OfferingValidTests.GetPackagesByName_ValidData(\"Package 2\")","DisplayName":"GetPackagesByName_ValidData(\"Package 2\")","ExecutorUri":"executor://NUnit3TestExecutor","Source":"C:\\Users\\Dell\\Downloads\\InternationalPatient\\TreatmentOffering\\TreatmentOfferingTesting\\bin\\Debug\\netcoreapp3.1\\fine-code-coverage\\build-output\\TreatmentOfferingTesting.dll","CodeFilePath":null,"LineNumber":0,"Properties":[{"Key":{"Id":"NUnit.Seed","Label":"Seed","Category":"","Description":"","Attributes":0,"ValueType":"System.String"},"Value":"1746354675"}]},"Attachments":[],"Outcome":1,"ErrorMessage":null,"ErrorStackTrace":null,"DisplayName":"GetPackagesByName_ValidData(\"Package 2\")","Messages":[],"ComputerName":"DESKTOP-HIF8U95","Duration":"00:00:00.0018220","StartTime":"2021-07-18T19:34:46.4365608+00:00","EndTime":"2021-07-18T19:34:46.4383809+00:00","Properties":[{"Key":{"Id":"NUnit.Seed","Label":"Seed","Category":"","Description":"","Attributes":0,"ValueType":"System.String"},"Value":"1746354675"}]},{"TestCase":{"Id":"8410c6bd-0593-23e4-271b-ec914870c9be","FullyQualifiedName":"TreatmentOfferingTesting.OfferingValidTests.GetSpecialistDetails_ValidData","DisplayName":"GetSpecialistDetails_ValidData","ExecutorUri":"executor://NUnit3TestExecutor","Source":"C:\\Users\\Dell\\Downloads\\InternationalPatient\\TreatmentOffering\\TreatmentOfferingTesting\\bin\\Debug\\netcoreapp3.1\\fine-code-coverage\\build-output\\TreatmentOfferingTesting.dll","CodeFilePath":null,"LineNumber":0,"Properties":[{"Key":{"Id":"NUnit.Seed","Label":"Seed","Category":"","Description":"","Attributes":0,"ValueType":"System.String"},"Value":"439128933"}]},"Attachments":[],"Outcome":1,"ErrorMessage":null,"ErrorStackTrace":null,"DisplayName":"GetSpecialistDetails_ValidData","Messages":[],"ComputerName":"DESKTOP-HIF8U95","Duration":"00:00:00.0013400","StartTime":"2021-07-18T19:34:46.4384365+00:00","EndTime":"2021-07-18T19:34:46.4397752+00:00","Properties":[{"Key":{"Id":"NUnit.Seed","Label":"Seed","Category":"","Description":"","Attributes":0,"ValueType":"System.String"},"Value":"439128933"}]}],"TestRunStatistics":{"ExecutedTests":9,"Stats":{"Passed":9}},"ActiveTests":[{"Id":"34213dcc-705f-010b-8a90-64942b92b6c4","FullyQualifiedName":"TreatmentOfferingTesting.OfferingValidTests.GetTreatmentPackages_ValidData","DisplayName":"GetTreatmentPackages_ValidData","ExecutorUri":"executor://NUnit3TestExecutor","Source":"C:\\Users\\Dell\\Downloads\\InternationalPatient\\TreatmentOffering\\TreatmentOfferingTesting\\bin\\Debug\\netcoreapp3.1\\fine-code-coverage\\build-output\\TreatmentOfferingTesting.dll","CodeFilePath":null,"LineNumber":0,"Properties":[{"Key":{"Id":"NUnit.Seed","Label":"Seed","Category":"","Description":"","Attributes":0,"ValueType":"System.String"},"Value":"384194711"}]}]}}
TpTrace Verbose: 0 : 12516, 14, 2021/07/19, 01:04:46.502, 2110783001558, vstest.console.dll, TestRunRequest:SendTestRunStatsChange: Starting.
TpTrace Verbose: 0 : 12516, 14, 2021/07/19, 01:04:46.502, 2110783002771, vstest.console.dll, InProgress is GetTreatmentPackages_ValidData
TpTrace Information: 0 : 12516, 14, 2021/07/19, 01:04:46.503, 2110783004589, vstest.console.dll, TestRunRequest:SendTestRunStatsChange: Completed.
TpTrace Verbose: 0 : 12516, 14, 2021/07/19, 01:04:46.503, 2110783005073, vstest.console.dll, TcpClientExtensions.MessageLoopAsync: Polling on remoteEndPoint: 127.0.0.1:59745 localEndPoint: 127.0.0.1:59744
TpTrace Verbose: 0 : 12516, 14, 2021/07/19, 01:04:46.503, 2110783005609, vstest.console.dll, TcpClientExtensions.MessageLoopAsync: NotifyDataAvailable remoteEndPoint: 127.0.0.1:59745 localEndPoint: 127.0.0.1:59744
TpTrace Verbose: 0 : 12516, 14, 2021/07/19, 01:04:46.503, 2110783006286, vstest.console.dll, TestRequestSender.OnExecutionMessageReceived: Received message: {"Version":2,"MessageType":"TestSession.Message","Payload":{"MessageLevel":0,"Message":"NUnit Adapter 4.0.0.0: Test execution complete"}}
TpTrace Verbose: 0 : 12516, 14, 2021/07/19, 01:04:46.503, 2110783007374, vstest.console.dll, TestRunRequest:SendTestRunMessage: Starting.
TpTrace Information: 0 : 12516, 14, 2021/07/19, 01:04:46.503, 2110783007912, vstest.console.dll, TestRunRequest:SendTestRunMessage: Completed.
TpTrace Verbose: 0 : 12516, 14, 2021/07/19, 01:04:46.503, 2110783008283, vstest.console.dll, TcpClientExtensions.MessageLoopAsync: Polling on remoteEndPoint: 127.0.0.1:59745 localEndPoint: 127.0.0.1:59744
TpTrace Verbose: 0 : 12516, 14, 2021/07/19, 01:04:46.517, 2110783147119, vstest.console.dll, TcpClientExtensions.MessageLoopAsync: NotifyDataAvailable remoteEndPoint: 127.0.0.1:59745 localEndPoint: 127.0.0.1:59744
TpTrace Verbose: 0 : 12516, 14, 2021/07/19, 01:04:46.517, 2110783149205, vstest.console.dll, TestRequestSender.OnExecutionMessageReceived: Received message: {"Version":2,"MessageType":"TestExecution.Completed","Payload":{"TestRunCompleteArgs":{"TestRunStatistics":{"ExecutedTests":14,"Stats":{"Passed":14}},"IsCanceled":false,"IsAborted":false,"Error":null,"AttachmentSets":[],"ElapsedTimeInRunningTests":"00:00:01.9150777","Metrics":{}},"LastRunTests":{"NewTestResults":[{"TestCase":{"Id":"34213dcc-705f-010b-8a90-64942b92b6c4","FullyQualifiedName":"TreatmentOfferingTesting.OfferingValidTests.GetTreatmentPackages_ValidData","DisplayName":"GetTreatmentPackages_ValidData","ExecutorUri":"executor://NUnit3TestExecutor","Source":"C:\\Users\\Dell\\Downloads\\InternationalPatient\\TreatmentOffering\\TreatmentOfferingTesting\\bin\\Debug\\netcoreapp3.1\\fine-code-coverage\\build-output\\TreatmentOfferingTesting.dll","CodeFilePath":null,"LineNumber":0,"Properties":[{"Key":{"Id":"NUnit.Seed","Label":"Seed","Category":"","Description":"","Attributes":0,"ValueType":"System.String"},"Value":"384194711"}]},"Attachments":[],"Outcome":1,"ErrorMessage":null,"ErrorStackTrace":null,"DisplayName":"GetTreatmentPackages_ValidData","Messages":[],"ComputerName":"DESKTOP-HIF8U95","Duration":"00:00:00.0014530","StartTime":"2021-07-18T19:34:46.4398071+00:00","EndTime":"2021-07-18T19:34:46.4412584+00:00","Properties":[{"Key":{"Id":"NUnit.Seed","Label":"Seed","Category":"","Description":"","Attributes":0,"ValueType":"System.String"},"Value":"384194711"}]},{"TestCase":{"Id":"81fe74e5-acac-4fd9-598f-b0f3d8cb1a73","FullyQualifiedName":"TreatmentOfferingTesting.OfferingValidTests.IpTreatmentPackages_ValidData","DisplayName":"IpTreatmentPackages_ValidData","ExecutorUri":"executor://NUnit3TestExecutor","Source":"C:\\Users\\Dell\\Downloads\\InternationalPatient\\TreatmentOffering\\TreatmentOfferingTesting\\bin\\Debug\\netcoreapp3.1\\fine-code-coverage\\build-output\\TreatmentOfferingTesting.dll","CodeFilePath":null,"LineNumber":0,"Properties":[{"Key":{"Id":"NUnit.Seed","Label":"Seed","Category":"","Description":"","Attributes":0,"ValueType":"System.String"},"Value":"427927613"}]},"Attachments":[],"Outcome":1,"ErrorMessage":null,"ErrorStackTrace":null,"DisplayName":"IpTreatmentPackages_ValidData","Messages":[],"ComputerName":"DESKTOP-HIF8U95","Duration":"00:00:00.0011900","StartTime":"2021-07-18T19:34:46.4412881+00:00","EndTime":"2021-07-18T19:34:46.4424769+00:00","Properties":[{"Key":{"Id":"NUnit.Seed","Label":"Seed","Category":"","Description":"","Attributes":0,"ValueType":"System.String"},"Value":"427927613"}]},{"TestCase":{"Id":"27d9eb0f-6ab0-e5be-b80b-98ed0ce54198","FullyQualifiedName":"TreatmentOfferingTesting.OfferingValidTests.PackagesByName_ValidData(\"Package 1\")","DisplayName":"PackagesByName_ValidData(\"Package 1\")","ExecutorUri":"executor://NUnit3TestExecutor","Source":"C:\\Users\\Dell\\Downloads\\InternationalPatient\\TreatmentOffering\\TreatmentOfferingTesting\\bin\\Debug\\netcoreapp3.1\\fine-code-coverage\\build-output\\TreatmentOfferingTesting.dll","CodeFilePath":null,"LineNumber":0,"Properties":[{"Key":{"Id":"NUnit.Seed","Label":"Seed","Category":"","Description":"","Attributes":0,"ValueType":"System.String"},"Value":"283362372"}]},"Attachments":[],"Outcome":1,"ErrorMessage":null,"ErrorStackTrace":null,"DisplayName":"PackagesByName_ValidData(\"Package 1\")","Messages":[],"ComputerName":"DESKTOP-HIF8U95","Duration":"00:00:00.0018510","StartTime":"2021-07-18T19:34:46.4425513+00:00","EndTime":"2021-07-18T19:34:46.4444009+00:00","Properties":[{"Key":{"Id":"NUnit.Seed","Label":"Seed","Category":"","Description":"","Attributes":0,"ValueType":"System.String"},"Value":"283362372"}]},{"TestCase":{"Id":"375f1b1c-7be3-2f2a-5114-95e52250c033","FullyQualifiedName":"TreatmentOfferingTesting.OfferingValidTests.PackagesByName_ValidData(\"Package 2\")","DisplayName":"PackagesByName_ValidData(\"Package 2\")","ExecutorUri":"executor://NUnit3TestExecutor","Source":"C:\\Users\\Dell\\Downloads\\InternationalPatient\\TreatmentOffering\\TreatmentOfferingTesting\\bin\\Debug\\netcoreapp3.1\\fine-code-coverage\\build-output\\TreatmentOfferingTesting.dll","CodeFilePath":null,"LineNumber":0,"Properties":[{"Key":{"Id":"NUnit.Seed","Label":"Seed","Category":"","Description":"","Attributes":0,"ValueType":"System.String"},"Value":"1709681465"}]},"Attachments":[],"Outcome":1,"ErrorMessage":null,"ErrorStackTrace":null,"DisplayName":"PackagesByName_ValidData(\"Package 2\")","Messages":[],"ComputerName":"DESKTOP-HIF8U95","Duration":"00:00:00.0010889","StartTime":"2021-07-18T19:34:46.4444238+00:00","EndTime":"2021-07-18T19:34:46.4455115+00:00","Properties":[{"Key":{"Id":"NUnit.Seed","Label":"Seed","Category":"","Description":"","Attributes":0,"ValueType":"System.String"},"Value":"1709681465"}]},{"TestCase":{"Id":"643c300a-a2f1-ca76-baad-9deeb279d70a","FullyQualifiedName":"TreatmentOfferingTesting.OfferingValidTests.SpecialistDetail_ValidData","DisplayName":"SpecialistDetail_ValidData","ExecutorUri":"executor://NUnit3TestExecutor","Source":"C:\\Users\\Dell\\Downloads\\InternationalPatient\\TreatmentOffering\\TreatmentOfferingTesting\\bin\\Debug\\netcoreapp3.1\\fine-code-coverage\\build-output\\TreatmentOfferingTesting.dll","CodeFilePath":null,"LineNumber":0,"Properties":[{"Key":{"Id":"NUnit.Seed","Label":"Seed","Category":"","Description":"","Attributes":0,"ValueType":"System.String"},"Value":"1360131829"}]},"Attachments":[],"Outcome":1,"ErrorMessage":null,"ErrorStackTrace":null,"DisplayName":"SpecialistDetail_ValidData","Messages":[],"ComputerName":"DESKTOP-HIF8U95","Duration":"00:00:00.0009420","StartTime":"2021-07-18T19:34:46.445555+00:00","EndTime":"2021-07-18T19:34:46.4464958+00:00","Properties":[{"Key":{"Id":"NUnit.Seed","Label":"Seed","Category":"","Description":"","Attributes":0,"ValueType":"System.String"},"Value":"1360131829"}]}],"TestRunStatistics":{"ExecutedTests":14,"Stats":{"Passed":14}},"ActiveTests":[]},"RunAttachments":[],"ExecutorUris":["executor://nunit3testexecutor/"]}}
TpTrace Verbose: 0 : 12516, 14, 2021/07/19, 01:04:46.517, 2110783152117, vstest.console.dll, TestRequestSender.EndSession: Sending end session.
TpTrace Verbose: 0 : 12516, 14, 2021/07/19, 01:04:46.517, 2110783153268, vstest.console.dll, ProxyOperationManager.Close: waiting for test host to exit for 100 ms
TpTrace Warning: 0 : 12516, 12, 2021/07/19, 01:04:46.597, 2110783946090, vstest.console.dll, TestHostManagerCallbacks.ErrorReceivedCallback Test host standard error line: 
TpTrace Verbose: 0 : 12516, 7, 2021/07/19, 01:04:46.613, 2110784104944, vstest.console.dll, TestHostProvider.ExitCallBack: Host exited starting callback.
TpTrace Information: 0 : 12516, 7, 2021/07/19, 01:04:46.613, 2110784112592, vstest.console.dll, TestHostManagerCallbacks.ExitCallBack: Testhost processId: 19128 exited with exitcode: 0 error: ''
TpTrace Verbose: 0 : 12516, 7, 2021/07/19, 01:04:46.613, 2110784113505, vstest.console.dll, DotnetTestHostManager.OnHostExited: invoking OnHostExited callback
TpTrace Verbose: 0 : 12516, 7, 2021/07/19, 01:04:46.614, 2110784114722, vstest.console.dll, CrossPlatEngine.TestHostManagerHostExited: calling on client process exit callback.
TpTrace Information: 0 : 12516, 7, 2021/07/19, 01:04:46.614, 2110784115779, vstest.console.dll, TestRequestSender.OnClientProcessExit: Test host process exited. Standard error: 
TpTrace Warning: 0 : 12516, 14, 2021/07/19, 01:04:46.614, 2110784116321, vstest.console.dll, ProxyOperationManager: Timed out waiting for test host to exit. Will terminate process.
TpTrace Information: 0 : 12516, 7, 2021/07/19, 01:04:46.614, 2110784116729, vstest.console.dll, SocketServer.Stop: Stop server endPoint: 127.0.0.1:59744
TpTrace Information: 0 : 12516, 7, 2021/07/19, 01:04:46.614, 2110784118563, vstest.console.dll, SocketServer.Stop: Cancellation requested. Stopping message loop.
TpTrace Verbose: 0 : 12516, 14, 2021/07/19, 01:04:46.615, 2110784128125, vstest.console.dll, ProxyDataCollectionManager.InvokeDataCollectionServiceAction: Starting.
TpTrace Information: 0 : 12516, 14, 2021/07/19, 01:04:46.615, 2110784128910, vstest.console.dll, ProxyDataCollectionManager.AfterTestRunEnd: Get attachment set for datacollector processId: 26540 port: 59741
TpTrace Verbose: 0 : 12516, 14, 2021/07/19, 01:04:46.615, 2110784129585, vstest.console.dll, DataCollectionRequestSender.SendAfterTestRunStartAndGetResult : Send AfterTestRunEnd message with isCancelled: False
TpTrace Verbose: 0 : 12516, 14, 2021/07/19, 01:04:46.620, 2110784178932, vstest.console.dll, DataCollectionRequestSender.SendAfterTestRunStartAndGetResult : Received message: (DataCollection.AfterTestRunEndResult) -> {
  "AttachmentSets": [],
  "Metrics": {}
}
TpTrace Information: 0 : 12516, 14, 2021/07/19, 01:04:46.622, 2110784198103, vstest.console.dll, ProxyDataCollectionManager.InvokeDataCollectionServiceAction: Completed.
TpTrace Warning: 0 : 12516, 9, 2021/07/19, 01:04:46.624, 2110784221312, vstest.console.dll, DataCollectionLauncher.ErrorReceivedCallback datacollector standard error line: 
TpTrace Information: 0 : 12516, 7, 2021/07/19, 01:04:46.631, 2110784284310, vstest.console.dll, DataCollectionLauncher.ExitCallBack: Data collector exited with exitcode: 0 error: ''
TpTrace Verbose: 0 : 12516, 14, 2021/07/19, 01:04:46.643, 2110784413667, vstest.console.dll, TestRunRequest:SendTestRunStatsChange: Starting.
TpTrace Information: 0 : 12516, 14, 2021/07/19, 01:04:46.644, 2110784414719, vstest.console.dll, TestRunRequest:SendTestRunStatsChange: Completed.
TpTrace Verbose: 0 : 12516, 14, 2021/07/19, 01:04:46.644, 2110784416188, vstest.console.dll, ParallelProxyExecutionManager: HandlePartialRunComplete: Total completed clients = 1, Run complete = True, Run canceled: False.
TpTrace Verbose: 0 : 12516, 14, 2021/07/19, 01:04:46.663, 2110784610565, vstest.console.dll, TestRunRequest:TestRunComplete: Starting. IsAborted:False IsCanceled:False.
TpTrace Verbose: 0 : 12516, 14, 2021/07/19, 01:04:46.663, 2110784612651, vstest.console.dll, TestLoggerManager.HandleTestRunComplete: Ignoring as the object is disposed.
TpTrace Information: 0 : 12516, 14, 2021/07/19, 01:04:46.664, 2110784615493, vstest.console.dll, TestRunRequest:TestRunComplete: Completed.
TpTrace Verbose: 0 : 12516, 1, 2021/07/19, 01:04:46.664, 2110784615965, vstest.console.dll, TestRunRequest.Dispose: Starting.
TpTrace Information: 0 : 12516, 1, 2021/07/19, 01:04:46.664, 2110784616521, vstest.console.dll, TestRunRequest.Dispose: Completed.
TpTrace Verbose: 0 : 12516, 14, 2021/07/19, 01:04:46.664, 2110784616046, vstest.console.dll, TestRequestSender.SetOperationComplete: Setting operation complete.
TpTrace Information: 0 : 12516, 14, 2021/07/19, 01:04:46.664, 2110784617336, vstest.console.dll, SocketServer.Stop: Stop server endPoint: 127.0.0.1:59744
TpTrace Information: 0 : 12516, 1, 2021/07/19, 01:04:46.664, 2110784616907, vstest.console.dll, TestRequestManager.RunTests: run tests completed.
TpTrace Information: 0 : 12516, 14, 2021/07/19, 01:04:46.664, 2110784617644, vstest.console.dll, SocketServer.Stop: Cancellation requested. Stopping message loop.
TpTrace Information: 0 : 12516, 14, 2021/07/19, 01:04:46.664, 2110784619063, vstest.console.dll, SocketServer.PrivateStop: Stop server endPoint: 127.0.0.1:59744 error: 
TpTrace Information: 0 : 12516, 1, 2021/07/19, 01:04:46.664, 2110784618504, vstest.console.dll, RunTestsArgumentProcessor:Execute: Test run is completed.
TpTrace Verbose: 0 : 12516, 1, 2021/07/19, 01:04:46.664, 2110784621443, vstest.console.dll, Executor.Execute: Exiting with exit code of 0
TpTrace Verbose: 0 : 12516, 14, 2021/07/19, 01:04:46.664, 2110784623678, vstest.console.dll, LengthPrefixCommunicationChannel.Dispose: Dispose reader and writer.
TpTrace Information: 0 : 12516, 14, 2021/07/19, 01:04:46.665, 2110784624403, vstest.console.dll, SocketServer.Stop: Raise disconnected event endPoint: 127.0.0.1:59744 error: 
TpTrace Verbose: 0 : 12516, 14, 2021/07/19, 01:04:46.665, 2110784624964, vstest.console.dll, TestRequestSender: OnTestRunAbort: Operation is already complete. Skip error message.
TpTrace Verbose: 0 : 12516, 14, 2021/07/19, 01:04:46.665, 2110784625306, vstest.console.dll, TcpClientExtensions.MessageLoopAsync: exiting MessageLoopAsync remoteEndPoint: 127.0.0.1:59745 localEndPoint: 127.0.0.1:59744
